c:\users\2240225\desktop\graphicsengine\studentdistribution\x3dgp.00\3dgp\x64\release\collider.obj
c:\users\2240225\desktop\graphicsengine\studentdistribution\x3dgp.00\3dgp\x64\release\mainscene.obj
c:\users\2240225\desktop\graphicsengine\studentdistribution\x3dgp.00\3dgp\x64\release\framebuffer.obj
c:\users\2240225\desktop\graphicsengine\studentdistribution\x3dgp.00\3dgp\x64\release\player.obj
c:\users\2240225\desktop\graphicsengine\studentdistribution\x3dgp.00\3dgp\x64\release\skymap.obj
c:\users\2240225\desktop\graphicsengine\studentdistribution\x3dgp.00\3dgp\x64\release\bootscene.obj
c:\users\2240225\desktop\graphicsengine\studentdistribution\x3dgp.00\3dgp\x64\release\sceneloading.obj
c:\users\2240225\desktop\graphicsengine\studentdistribution\x3dgp.00\3dgp\x64\release\imgui.obj
c:\users\2240225\desktop\graphicsengine\studentdistribution\x3dgp.00\3dgp\x64\release\mathutils.obj
c:\users\2240225\desktop\graphicsengine\studentdistribution\x3dgp.00\3dgp\x64\release\gltfmodelstaticbatching.obj
c:\users\2240225\desktop\graphicsengine\studentdistribution\x3dgp.00\3dgp\x64\release\fullscreenquad.obj
c:\users\2240225\desktop\graphicsengine\studentdistribution\x3dgp.00\3dgp\x64\release\playerstate.obj
c:\users\2240225\desktop\graphicsengine\studentdistribution\x3dgp.00\3dgp\x64\release\staticmesh.obj
c:\users\2240225\desktop\graphicsengine\studentdistribution\x3dgp.00\3dgp\x64\release\camera.obj
c:\users\2240225\desktop\graphicsengine\studentdistribution\x3dgp.00\3dgp\x64\release\texture.obj
c:\users\2240225\desktop\graphicsengine\studentdistribution\x3dgp.00\3dgp\x64\release\shadowmap.obj
c:\users\2240225\desktop\graphicsengine\studentdistribution\x3dgp.00\3dgp\x64\release\geometricprimitive.obj
c:\users\2240225\desktop\graphicsengine\studentdistribution\x3dgp.00\3dgp\x64\release\glthmodel.obj
c:\users\2240225\desktop\graphicsengine\studentdistribution\x3dgp.00\3dgp\x64\release\imgui_ja_gryph_ranges.obj
c:\users\2240225\desktop\graphicsengine\studentdistribution\x3dgp.00\3dgp\x64\release\graphics.obj
c:\users\2240225\desktop\graphicsengine\studentdistribution\x3dgp.00\3dgp\x64\release\scene.obj
c:\users\2240225\desktop\graphicsengine\studentdistribution\x3dgp.00\3dgp\x64\release\imgui_impl_win32.obj
c:\users\2240225\desktop\graphicsengine\studentdistribution\x3dgp.00\3dgp\x64\release\main.obj
c:\users\2240225\desktop\graphicsengine\studentdistribution\x3dgp.00\3dgp\x64\release\renderstate.obj
c:\users\2240225\desktop\graphicsengine\studentdistribution\x3dgp.00\3dgp\x64\release\skinnedmesh.obj
c:\users\2240225\desktop\graphicsengine\studentdistribution\x3dgp.00\3dgp\x64\release\imgui_widgets.obj
c:\users\2240225\desktop\graphicsengine\studentdistribution\x3dgp.00\3dgp\x64\release\spritebatch.obj
c:\users\2240225\desktop\graphicsengine\studentdistribution\x3dgp.00\3dgp\x64\release\riderenemy.obj
c:\users\2240225\desktop\graphicsengine\studentdistribution\x3dgp.00\3dgp\x64\release\bloom.obj
c:\users\2240225\desktop\graphicsengine\studentdistribution\x3dgp.00\3dgp\x64\release\gltfmodelbase.obj
c:\users\2240225\desktop\graphicsengine\studentdistribution\x3dgp.00\3dgp\x64\release\framework.obj
c:\users\2240225\desktop\graphicsengine\studentdistribution\x3dgp.00\3dgp\x64\release\audio.obj
c:\users\2240225\desktop\graphicsengine\studentdistribution\x3dgp.00\3dgp\x64\release\imgui_impl_dx11.obj
c:\users\2240225\desktop\graphicsengine\studentdistribution\x3dgp.00\3dgp\x64\release\particles.obj
c:\users\2240225\desktop\graphicsengine\studentdistribution\x3dgp.00\3dgp\x64\release\shaperenderer.obj
c:\users\2240225\desktop\graphicsengine\studentdistribution\x3dgp.00\3dgp\x64\release\gamepad.obj
c:\users\2240225\desktop\graphicsengine\studentdistribution\x3dgp.00\3dgp\x64\release\imgui_draw.obj
c:\users\2240225\desktop\graphicsengine\studentdistribution\x3dgp.00\3dgp\x64\release\sprite.obj
c:\users\2240225\desktop\graphicsengine\studentdistribution\x3dgp.00\3dgp\x64\release\scenerenderer.obj
c:\users\2240225\desktop\graphicsengine\studentdistribution\x3dgp.00\3dgp\x64\release\cameracontroller.obj
c:\users\2240225\desktop\graphicsengine\studentdistribution\x3dgp.00\3dgp\x64\release\modelcomponent.obj
c:\users\2240225\desktop\graphicsengine\studentdistribution\x3dgp.00\3dgp\x64\release\collisionmesh.obj
c:\users\2240225\desktop\graphicsengine\studentdistribution\x3dgp.00\3dgp\x64\release\shader.obj
c:\users\2240225\desktop\graphicsengine\studentdistribution\x3dgp.00\3dgp\x64\release\volumetriccloudscapes.obj
c:\users\2240225\desktop\graphicsengine\studentdistribution\x3dgp.00\3dgp\x64\release\cascadeshadowmap.obj
c:\users\2240225\desktop\描画エンジン開発\学生配布\x3dgp.00\shader\blurps.cod
c:\users\2240225\desktop\描画エンジン開発\学生配布\x3dgp.00\shader\blurps.cso
c:\users\2240225\desktop\描画エンジン開発\学生配布\x3dgp.00\shader\discotunnelps.cod
c:\users\2240225\desktop\描画エンジン開発\学生配布\x3dgp.00\shader\discotunnelps.cso
c:\users\2240225\desktop\描画エンジン開発\学生配布\x3dgp.00\shader\finalpassps.cod
c:\users\2240225\desktop\描画エンジン開発\学生配布\x3dgp.00\shader\finalpassps.cso
c:\users\2240225\desktop\描画エンジン開発\学生配布\x3dgp.00\shader\fullscreenquadps.cod
c:\users\2240225\desktop\描画エンジン開発\学生配布\x3dgp.00\shader\fullscreenquadps.cso
c:\users\2240225\desktop\描画エンジン開発\学生配布\x3dgp.00\shader\fullscreenquadvs.cod
c:\users\2240225\desktop\描画エンジン開発\学生配布\x3dgp.00\shader\fullscreenquadvs.cso
c:\users\2240225\desktop\描画エンジン開発\学生配布\x3dgp.00\shader\gaussianblurdownsamplingps.cod
c:\users\2240225\desktop\描画エンジン開発\学生配布\x3dgp.00\shader\gaussianblurdownsamplingps.cso
c:\users\2240225\desktop\描画エンジン開発\学生配布\x3dgp.00\shader\gaussianblurhorizontalps.cod
c:\users\2240225\desktop\描画エンジン開発\学生配布\x3dgp.00\shader\gaussianblurhorizontalps.cso
c:\users\2240225\desktop\描画エンジン開発\学生配布\x3dgp.00\shader\gaussianblurupsamplingps.cod
c:\users\2240225\desktop\描画エンジン開発\学生配布\x3dgp.00\shader\gaussianblurupsamplingps.cso
c:\users\2240225\desktop\描画エンジン開発\学生配布\x3dgp.00\shader\gaussianblurverticalps.cod
c:\users\2240225\desktop\描画エンジン開発\学生配布\x3dgp.00\shader\gaussianblurverticalps.cso
c:\users\2240225\desktop\描画エンジン開発\学生配布\x3dgp.00\shader\geometricprimitiveps.cod
c:\users\2240225\desktop\描画エンジン開発\学生配布\x3dgp.00\shader\geometricprimitiveps.cso
c:\users\2240225\desktop\描画エンジン開発\学生配布\x3dgp.00\shader\geometricprimitivevs.cod
c:\users\2240225\desktop\描画エンジン開発\学生配布\x3dgp.00\shader\geometricprimitivevs.cso
c:\users\2240225\desktop\描画エンジン開発\学生配布\x3dgp.00\shader\gltfmodelbasecolorps.cod
c:\users\2240225\desktop\描画エンジン開発\学生配布\x3dgp.00\shader\gltfmodelbasecolorps.cso
c:\users\2240225\desktop\描画エンジン開発\学生配布\x3dgp.00\shader\gltfmodelcharacterps.cod
c:\users\2240225\desktop\描画エンジン開発\学生配布\x3dgp.00\shader\gltfmodelcharacterps.cso
c:\users\2240225\desktop\描画エンジン開発\学生配布\x3dgp.00\shader\gltfmodelps.cod
c:\users\2240225\desktop\描画エンジン開発\学生配布\x3dgp.00\shader\gltfmodelps.cso
c:\users\2240225\desktop\描画エンジン開発\学生配布\x3dgp.00\shader\gltfmodelstaticbatchingvs.cod
c:\users\2240225\desktop\描画エンジン開発\学生配布\x3dgp.00\shader\gltfmodelstaticbatchingvs.cso
c:\users\2240225\desktop\描画エンジン開発\学生配布\x3dgp.00\shader\gltfmodelvs.cod
c:\users\2240225\desktop\描画エンジン開発\学生配布\x3dgp.00\shader\gltfmodelvs.cso
c:\users\2240225\desktop\描画エンジン開発\学生配布\x3dgp.00\shader\linesegmentps.cod
c:\users\2240225\desktop\描画エンジン開発\学生配布\x3dgp.00\shader\linesegmentps.cso
c:\users\2240225\desktop\描画エンジン開発\学生配布\x3dgp.00\shader\linesegmentvs.cod
c:\users\2240225\desktop\描画エンジン開発\学生配布\x3dgp.00\shader\linesegmentvs.cso
c:\users\2240225\desktop\描画エンジン開発\学生配布\x3dgp.00\shader\luminanceextranctionps.cod
c:\users\2240225\desktop\描画エンジン開発\学生配布\x3dgp.00\shader\luminanceextranctionps.cso
c:\users\2240225\desktop\描画エンジン開発\学生配布\x3dgp.00\shader\glowexteractionps.cod
c:\users\2240225\desktop\描画エンジン開発\学生配布\x3dgp.00\shader\glowexteractionps.cso
c:\users\2240225\desktop\描画エンジン開発\学生配布\x3dgp.00\shader\roundedloadingps.cod
c:\users\2240225\desktop\描画エンジン開発\学生配布\x3dgp.00\shader\roundedloadingps.cso
c:\users\2240225\desktop\描画エンジン開発\学生配布\x3dgp.00\shader\skinnedmeshps.cod
c:\users\2240225\desktop\描画エンジン開発\学生配布\x3dgp.00\shader\skinnedmeshps.cso
c:\users\2240225\desktop\描画エンジン開発\学生配布\x3dgp.00\shader\skinnedmeshvs.cod
c:\users\2240225\desktop\描画エンジン開発\学生配布\x3dgp.00\shader\skinnedmeshvs.cso
c:\users\2240225\desktop\描画エンジン開発\学生配布\x3dgp.00\shader\skyboxps.cod
c:\users\2240225\desktop\描画エンジン開発\学生配布\x3dgp.00\shader\skyboxps.cso
c:\users\2240225\desktop\描画エンジン開発\学生配布\x3dgp.00\shader\skymapps.cod
c:\users\2240225\desktop\描画エンジン開発\学生配布\x3dgp.00\shader\skymapps.cso
c:\users\2240225\desktop\描画エンジン開発\学生配布\x3dgp.00\shader\skymapvs.cod
c:\users\2240225\desktop\描画エンジン開発\学生配布\x3dgp.00\shader\skymapvs.cso
c:\users\2240225\desktop\描画エンジン開発\学生配布\x3dgp.00\shader\sprite_ps.cod
c:\users\2240225\desktop\描画エンジン開発\学生配布\x3dgp.00\shader\sprite_ps.cso
c:\users\2240225\desktop\描画エンジン開発\学生配布\x3dgp.00\shader\sprite_vs.cod
c:\users\2240225\desktop\描画エンジン開発\学生配布\x3dgp.00\shader\sprite_vs.cso
c:\users\2240225\desktop\描画エンジン開発\学生配布\x3dgp.00\shader\staticmeshps.cod
c:\users\2240225\desktop\描画エンジン開発\学生配布\x3dgp.00\shader\staticmeshps.cso
c:\users\2240225\desktop\描画エンジン開発\学生配布\x3dgp.00\shader\staticmeshvs.cod
c:\users\2240225\desktop\描画エンジン開発\学生配布\x3dgp.00\shader\staticmeshvs.cso
c:\users\2240225\desktop\描画エンジン開発\学生配布\x3dgp.00\shader\testps.cod
c:\users\2240225\desktop\描画エンジン開発\学生配布\x3dgp.00\shader\testps.cso
c:\users\2240225\desktop\描画エンジン開発\学生配布\x3dgp.00\shader\initializeparticlecs.cod
c:\users\2240225\desktop\描画エンジン開発\学生配布\x3dgp.00\shader\initializeparticlecs.cso
c:\users\2240225\desktop\描画エンジン開発\学生配布\x3dgp.00\shader\integrateparticlecs.cod
c:\users\2240225\desktop\描画エンジン開発\学生配布\x3dgp.00\shader\integrateparticlecs.cso
c:\users\2240225\desktop\描画エンジン開発\学生配布\x3dgp.00\shader\particlegs.cod
c:\users\2240225\desktop\描画エンジン開発\学生配布\x3dgp.00\shader\particlegs.cso
c:\users\2240225\desktop\描画エンジン開発\学生配布\x3dgp.00\shader\particleps.cod
c:\users\2240225\desktop\描画エンジン開発\学生配布\x3dgp.00\shader\particleps.cso
c:\users\2240225\desktop\描画エンジン開発\学生配布\x3dgp.00\shader\particlevs.cod
c:\users\2240225\desktop\描画エンジン開発\学生配布\x3dgp.00\shader\particlevs.cso
c:\users\2240225\desktop\graphicsengine\studentdistribution\x3dgp.00\shader\blurps.cod
c:\users\2240225\desktop\graphicsengine\studentdistribution\x3dgp.00\shader\blurps.cso
c:\users\2240225\desktop\graphicsengine\studentdistribution\x3dgp.00\shader\discotunnelps.cod
c:\users\2240225\desktop\graphicsengine\studentdistribution\x3dgp.00\shader\discotunnelps.cso
c:\users\2240225\desktop\graphicsengine\studentdistribution\x3dgp.00\shader\finalpassps.cod
c:\users\2240225\desktop\graphicsengine\studentdistribution\x3dgp.00\shader\finalpassps.cso
c:\users\2240225\desktop\graphicsengine\studentdistribution\x3dgp.00\shader\fullscreenquadps.cod
c:\users\2240225\desktop\graphicsengine\studentdistribution\x3dgp.00\shader\fullscreenquadps.cso
c:\users\2240225\desktop\graphicsengine\studentdistribution\x3dgp.00\shader\fullscreenquadvs.cod
c:\users\2240225\desktop\graphicsengine\studentdistribution\x3dgp.00\shader\fullscreenquadvs.cso
c:\users\2240225\desktop\graphicsengine\studentdistribution\x3dgp.00\shader\gaussianblurdownsamplingps.cod
c:\users\2240225\desktop\graphicsengine\studentdistribution\x3dgp.00\shader\gaussianblurdownsamplingps.cso
c:\users\2240225\desktop\graphicsengine\studentdistribution\x3dgp.00\shader\gaussianblurhorizontalps.cod
c:\users\2240225\desktop\graphicsengine\studentdistribution\x3dgp.00\shader\gaussianblurhorizontalps.cso
c:\users\2240225\desktop\graphicsengine\studentdistribution\x3dgp.00\shader\gaussianblurupsamplingps.cod
c:\users\2240225\desktop\graphicsengine\studentdistribution\x3dgp.00\shader\gaussianblurupsamplingps.cso
c:\users\2240225\desktop\graphicsengine\studentdistribution\x3dgp.00\shader\gaussianblurverticalps.cod
c:\users\2240225\desktop\graphicsengine\studentdistribution\x3dgp.00\shader\gaussianblurverticalps.cso
c:\users\2240225\desktop\graphicsengine\studentdistribution\x3dgp.00\shader\geometricprimitiveps.cod
c:\users\2240225\desktop\graphicsengine\studentdistribution\x3dgp.00\shader\geometricprimitiveps.cso
c:\users\2240225\desktop\graphicsengine\studentdistribution\x3dgp.00\shader\geometricprimitivevs.cod
c:\users\2240225\desktop\graphicsengine\studentdistribution\x3dgp.00\shader\geometricprimitivevs.cso
c:\users\2240225\desktop\graphicsengine\studentdistribution\x3dgp.00\shader\gltfmodelbasecolorps.cod
c:\users\2240225\desktop\graphicsengine\studentdistribution\x3dgp.00\shader\gltfmodelbasecolorps.cso
c:\users\2240225\desktop\graphicsengine\studentdistribution\x3dgp.00\shader\gltfmodelcharacterps.cod
c:\users\2240225\desktop\graphicsengine\studentdistribution\x3dgp.00\shader\gltfmodelcharacterps.cso
c:\users\2240225\desktop\graphicsengine\studentdistribution\x3dgp.00\shader\gltfmodelps.cod
c:\users\2240225\desktop\graphicsengine\studentdistribution\x3dgp.00\shader\gltfmodelps.cso
c:\users\2240225\desktop\graphicsengine\studentdistribution\x3dgp.00\shader\gltfmodelstaticbatchingvs.cod
c:\users\2240225\desktop\graphicsengine\studentdistribution\x3dgp.00\shader\gltfmodelstaticbatchingvs.cso
c:\users\2240225\desktop\graphicsengine\studentdistribution\x3dgp.00\shader\gltfmodelvs.cod
c:\users\2240225\desktop\graphicsengine\studentdistribution\x3dgp.00\shader\gltfmodelvs.cso
c:\users\2240225\desktop\graphicsengine\studentdistribution\x3dgp.00\shader\linesegmentps.cod
c:\users\2240225\desktop\graphicsengine\studentdistribution\x3dgp.00\shader\linesegmentps.cso
c:\users\2240225\desktop\graphicsengine\studentdistribution\x3dgp.00\shader\linesegmentvs.cod
c:\users\2240225\desktop\graphicsengine\studentdistribution\x3dgp.00\shader\linesegmentvs.cso
c:\users\2240225\desktop\graphicsengine\studentdistribution\x3dgp.00\shader\luminanceextranctionps.cod
c:\users\2240225\desktop\graphicsengine\studentdistribution\x3dgp.00\shader\luminanceextranctionps.cso
c:\users\2240225\desktop\graphicsengine\studentdistribution\x3dgp.00\shader\glowexteractionps.cod
c:\users\2240225\desktop\graphicsengine\studentdistribution\x3dgp.00\shader\glowexteractionps.cso
c:\users\2240225\desktop\graphicsengine\studentdistribution\x3dgp.00\shader\roundedloadingps.cod
c:\users\2240225\desktop\graphicsengine\studentdistribution\x3dgp.00\shader\roundedloadingps.cso
c:\users\2240225\desktop\graphicsengine\studentdistribution\x3dgp.00\shader\skinnedmeshps.cod
c:\users\2240225\desktop\graphicsengine\studentdistribution\x3dgp.00\shader\skinnedmeshps.cso
c:\users\2240225\desktop\graphicsengine\studentdistribution\x3dgp.00\shader\skinnedmeshvs.cod
c:\users\2240225\desktop\graphicsengine\studentdistribution\x3dgp.00\shader\skinnedmeshvs.cso
c:\users\2240225\desktop\graphicsengine\studentdistribution\x3dgp.00\shader\skyboxps.cod
c:\users\2240225\desktop\graphicsengine\studentdistribution\x3dgp.00\shader\skyboxps.cso
c:\users\2240225\desktop\graphicsengine\studentdistribution\x3dgp.00\shader\skymapps.cod
c:\users\2240225\desktop\graphicsengine\studentdistribution\x3dgp.00\shader\skymapps.cso
c:\users\2240225\desktop\graphicsengine\studentdistribution\x3dgp.00\shader\skymapvs.cod
c:\users\2240225\desktop\graphicsengine\studentdistribution\x3dgp.00\shader\skymapvs.cso
c:\users\2240225\desktop\graphicsengine\studentdistribution\x3dgp.00\shader\sprite_ps.cod
c:\users\2240225\desktop\graphicsengine\studentdistribution\x3dgp.00\shader\sprite_ps.cso
c:\users\2240225\desktop\graphicsengine\studentdistribution\x3dgp.00\shader\sprite_vs.cod
c:\users\2240225\desktop\graphicsengine\studentdistribution\x3dgp.00\shader\sprite_vs.cso
c:\users\2240225\desktop\graphicsengine\studentdistribution\x3dgp.00\shader\staticmeshps.cod
c:\users\2240225\desktop\graphicsengine\studentdistribution\x3dgp.00\shader\staticmeshps.cso
c:\users\2240225\desktop\graphicsengine\studentdistribution\x3dgp.00\shader\staticmeshvs.cod
c:\users\2240225\desktop\graphicsengine\studentdistribution\x3dgp.00\shader\staticmeshvs.cso
c:\users\2240225\desktop\graphicsengine\studentdistribution\x3dgp.00\shader\testps.cod
c:\users\2240225\desktop\graphicsengine\studentdistribution\x3dgp.00\shader\testps.cso
c:\users\2240225\desktop\graphicsengine\studentdistribution\x3dgp.00\shader\initializeparticlecs.cod
c:\users\2240225\desktop\graphicsengine\studentdistribution\x3dgp.00\shader\initializeparticlecs.cso
c:\users\2240225\desktop\graphicsengine\studentdistribution\x3dgp.00\shader\integrateparticlecs.cod
c:\users\2240225\desktop\graphicsengine\studentdistribution\x3dgp.00\shader\integrateparticlecs.cso
c:\users\2240225\desktop\graphicsengine\studentdistribution\x3dgp.00\shader\particlegs.cod
c:\users\2240225\desktop\graphicsengine\studentdistribution\x3dgp.00\shader\particlegs.cso
c:\users\2240225\desktop\graphicsengine\studentdistribution\x3dgp.00\shader\particleps.cod
c:\users\2240225\desktop\graphicsengine\studentdistribution\x3dgp.00\shader\particleps.cso
c:\users\2240225\desktop\graphicsengine\studentdistribution\x3dgp.00\shader\particlevs.cod
c:\users\2240225\desktop\graphicsengine\studentdistribution\x3dgp.00\shader\particlevs.cso
c:\users\2240225\desktop\graphicsengine\studentdistribution\x3dgp.00\shader\cascadedshadowps.cod
c:\users\2240225\desktop\graphicsengine\studentdistribution\x3dgp.00\shader\cascadedshadowps.cso
c:\users\2240225\desktop\graphicsengine\studentdistribution\x3dgp.00\shader\gltfmodelcsmgs.cod
c:\users\2240225\desktop\graphicsengine\studentdistribution\x3dgp.00\shader\gltfmodelcsmgs.cso
c:\users\2240225\desktop\graphicsengine\studentdistribution\x3dgp.00\shader\gltfmodelcsmvs.cod
c:\users\2240225\desktop\graphicsengine\studentdistribution\x3dgp.00\shader\gltfmodelcsmvs.cso
c:\users\2240225\desktop\graphicsengine\studentdistribution\x3dgp.00\shader\gltfmodelstaticbatchingcsmvs.cod
c:\users\2240225\desktop\graphicsengine\studentdistribution\x3dgp.00\shader\gltfmodelstaticbatchingcsmvs.cso
c:\users\2240225\desktop\graphicsengine\studentdistribution\x3dgp.00\shader\highfreqworleycs.cod
c:\users\2240225\desktop\graphicsengine\studentdistribution\x3dgp.00\shader\highfreqworleycs.cso
c:\users\2240225\desktop\graphicsengine\studentdistribution\x3dgp.00\shader\lowfreqperlinworleycs.cod
c:\users\2240225\desktop\graphicsengine\studentdistribution\x3dgp.00\shader\lowfreqperlinworleycs.cso
c:\users\2240225\desktop\graphicsengine\studentdistribution\x3dgp.00\shader\volumetriccloudscapesps.cod
c:\users\2240225\desktop\graphicsengine\studentdistribution\x3dgp.00\shader\volumetriccloudscapesps.cso
c:\users\2240225\desktop\graphicsengine\studentdistribution\x3dgp.00\shader\volumetricfogps.cod
c:\users\2240225\desktop\graphicsengine\studentdistribution\x3dgp.00\shader\volumetricfogps.cso
c:\users\2240225\desktop\graphicsengine\studentdistribution\x3dgp.00\x64\release\3dgp.exe
c:\users\2240225\desktop\graphicsengine\studentdistribution\x3dgp.00\x64\release\3dgp.pdb
c:\users\2240225\desktop\graphicsengine\studentdistribution\x3dgp.00\x64\release\3dgp.lib
c:\users\2240225\desktop\graphicsengine\studentdistribution\x3dgp.00\x64\release\3dgp.exp
c:\users\2240225\desktop\graphicsengine\studentdistribution\x3dgp.00\3dgp\x64\release\3dgp.ipdb
c:\users\2240225\desktop\graphicsengine\studentdistribution\x3dgp.00\3dgp\x64\release\3dgp.iobj
c:\users\2240225\desktop\graphicsengine\studentdistribution\x3dgp.00\3dgp\x64\release\particle.obj
c:\users\2240225\desktop\graphicsengine\studentdistribution\x3dgp.00\3dgp\x64\release\vc143.pdb
c:\users\2240225\desktop\graphicsengine\studentdistribution\x3dgp.00\3dgp\x64\release\3dgp.tlog\cl.command.1.tlog
c:\users\2240225\desktop\graphicsengine\studentdistribution\x3dgp.00\3dgp\x64\release\3dgp.tlog\cl.items.tlog
c:\users\2240225\desktop\graphicsengine\studentdistribution\x3dgp.00\3dgp\x64\release\3dgp.tlog\cl.read.1.tlog
c:\users\2240225\desktop\graphicsengine\studentdistribution\x3dgp.00\3dgp\x64\release\3dgp.tlog\cl.write.1.tlog
c:\users\2240225\desktop\graphicsengine\studentdistribution\x3dgp.00\3dgp\x64\release\3dgp.tlog\fxc.command.1.tlog
c:\users\2240225\desktop\graphicsengine\studentdistribution\x3dgp.00\3dgp\x64\release\3dgp.tlog\fxc.read.1.tlog
c:\users\2240225\desktop\graphicsengine\studentdistribution\x3dgp.00\3dgp\x64\release\3dgp.tlog\fxc.write.1.tlog
c:\users\2240225\desktop\graphicsengine\studentdistribution\x3dgp.00\3dgp\x64\release\3dgp.tlog\link.command.1.tlog
c:\users\2240225\desktop\graphicsengine\studentdistribution\x3dgp.00\3dgp\x64\release\3dgp.tlog\link.read.1.tlog
c:\users\2240225\desktop\graphicsengine\studentdistribution\x3dgp.00\3dgp\x64\release\3dgp.tlog\link.secondary.1.tlog
c:\users\2240225\desktop\graphicsengine\studentdistribution\x3dgp.00\3dgp\x64\release\3dgp.tlog\link.write.1.tlog
