  imgui.cpp
  imgui_demo.cpp
  imgui_draw.cpp
  imgui_impl_dx11.cpp
  imgui_impl_win32.cpp
  imgui_ja_gryph_ranges.cpp
  imgui_tables.cpp
  imgui_widgets.cpp
  AudioSourceComponent.cpp
  Component.cpp
  SceneComponent.cpp
  CameraComponent.cpp
  CollisionComponent.cpp
  RigidBodyComponent.cpp
  ShapeComponent.cpp
  ControllerComponent.cpp
  EffectComponent.cpp
  EraseInAreaComponent.cpp
  ItemSpawnerComponent.cpp
  LifeTimeComponent.cpp
  ShockWaveCollisionComponent.cpp
  ActorManager.cpp
  World.cpp
  Audio.cpp
  Framework.cpp
  GamePad.cpp
  InputSystem.cpp
  Scene.cpp
  Beam.cpp
  ActionDerived.cpp
  BehaviorData.cpp
  BehaviorTree.cpp
  EnemyMath.cpp
  JudgmentDerived.cpp
  NodeBase.cpp
  RiderEnemy.cpp
  PickUpItem.cpp
  Player.cpp
  PlayerState.cpp
  BossBuilding.cpp
  Building.cpp
  BuildingManager.cpp
  GameManager.cpp
  TutorialSystem.cpp
  BootScene.cpp
  MainScene.cpp
  LoadingScene.cpp
  TutorialScene.cpp
  VolumetricCloudscapes.cpp
  Graphics.cpp
  RenderState.cpp
  Shader.cpp
  ComputeParticleSystem.cpp
  EffectSystem.cpp
  HuskParticle.cpp
  Particles.cpp
  SkyMap.cpp
  Bloom.cpp
  FrameBuffer.cpp
  FullScreenQuad.cpp
  ShapeRenderer.cpp
  GeometricPrimitive.cpp
  GltfModelBase.cpp
  GltfModelStaticBatching.cpp
  GlthModel.cpp
  InterleavedGltfModel.cpp
  ShaderToy.cpp
  staticMesh.cpp
  Texture.cpp
  CascadeShadowMap.cpp
  ShadowMap.cpp
  Sprite.cpp
  SpriteBatch.cpp
  main.cpp
  Collider.cpp
  CollisionMesh.cpp
  Physics.cpp
  PhysicsUtility.cpp
  EasingHandler.cpp
  AudioSource.cpp
  Color.cpp
  EventSystem.cpp
  InputModule.cpp
  ObjectManager.cpp
  RectTransform.cpp
  RectTransformUtils.cpp
  UIComponent.cpp
  UIFactory.cpp
  Dialog.cpp
     ライブラリ C:\Users\2240225\Desktop\graphicEngine2\x64\Release\3dgp.lib とオブジェクト C:\Users\2240225\Desktop\graphicEngine2\x64\Release\3dgp.exp を作成中
  コード生成しています。
  3961 of 27442 functions (14.4%) were compiled, the rest were copied from previous compilation.
    333 functions were new in current compilation
    1530 functions had inline decision re-evaluated but remain unchanged
  コード生成が終了しました。
  3dgp.vcxproj -> C:\Users\2240225\Desktop\graphicEngine2\x64\Release\3dgp.exe
