  AudioSourceComponent.cpp
  SceneComponent.cpp
  CameraComponent.cpp
  CollisionComponent.cpp
C:\Users\2240225\Desktop\3Dsoftbody\Source\Components\Render\MeshComponent.h(119,32): warning C4834: [[nodiscard]] 属性を持つ関数の戻り値を破棄しています
  (ソース ファイル 'Source/Components/Base/SceneComponent.cpp' をコンパイルしています)
  
C:\Users\2240225\Desktop\3Dsoftbody\Source\Components\Render\MeshComponent.h(205,32): warning C4834: [[nodiscard]] 属性を持つ関数の戻り値を破棄しています
  (ソース ファイル 'Source/Components/Base/SceneComponent.cpp' をコンパイルしています)
  
C:\Users\2240225\Desktop\3Dsoftbody\Source\Components\Render\MeshComponent.h(119,32): warning C4834: [[nodiscard]] 属性を持つ関数の戻り値を破棄しています
  (ソース ファイル 'Source/Components/CollisionShape/CollisionComponent.cpp' をコンパイルしています)
  
C:\Users\2240225\Desktop\3Dsoftbody\Source\Components\Render\MeshComponent.h(205,32): warning C4834: [[nodiscard]] 属性を持つ関数の戻り値を破棄しています
  (ソース ファイル 'Source/Components/CollisionShape/CollisionComponent.cpp' をコンパイルしています)
  
C:\Users\2240225\Desktop\3Dsoftbody\Source\Components\Render\MeshComponent.h(119,32): warning C4834: [[nodiscard]] 属性を持つ関数の戻り値を破棄しています
  (ソース ファイル 'Source/Components/Camera/CameraComponent.cpp' をコンパイルしています)
  
C:\Users\2240225\Desktop\3Dsoftbody\Source\Components\Render\MeshComponent.h(205,32): warning C4834: [[nodiscard]] 属性を持つ関数の戻り値を破棄しています
  (ソース ファイル 'Source/Components/Camera/CameraComponent.cpp' をコンパイルしています)
  
  RigidBodyComponent.cpp
C:\Users\2240225\Desktop\3Dsoftbody\Source\Core\ActorManager.h(283,24): warning C4834: [[nodiscard]] 属性を持つ関数の戻り値を破棄しています
  (ソース ファイル 'Source/Components/Base/SceneComponent.cpp' をコンパイルしています)
  
  ShapeComponent.cpp
  ControllerComponent.cpp
  EffectComponent.cpp
C:\Users\2240225\Desktop\3Dsoftbody\Source\Components\Render\MeshComponent.h(119,32): warning C4834: [[nodiscard]] 属性を持つ関数の戻り値を破棄しています
  (ソース ファイル 'Source/Components/CollisionShape/RigidBodyComponent.cpp' をコンパイルしています)
  
C:\Users\2240225\Desktop\3Dsoftbody\Source\Components\Render\MeshComponent.h(205,32): warning C4834: [[nodiscard]] 属性を持つ関数の戻り値を破棄しています
  (ソース ファイル 'Source/Components/CollisionShape/RigidBodyComponent.cpp' をコンパイルしています)
  
C:\Users\2240225\Desktop\3Dsoftbody\Source\Components\Render\MeshComponent.h(119,32): warning C4834: [[nodiscard]] 属性を持つ関数の戻り値を破棄しています
  (ソース ファイル 'Source/Components/CollisionShape/ShapeComponent.cpp' をコンパイルしています)
  
C:\Users\2240225\Desktop\3Dsoftbody\Source\Components\Render\MeshComponent.h(205,32): warning C4834: [[nodiscard]] 属性を持つ関数の戻り値を破棄しています
  (ソース ファイル 'Source/Components/CollisionShape/ShapeComponent.cpp' をコンパイルしています)
  
C:\Users\2240225\Desktop\3Dsoftbody\Source\Components\Render\MeshComponent.h(119,32): warning C4834: [[nodiscard]] 属性を持つ関数の戻り値を破棄しています
  (ソース ファイル 'Source/Components/Controller/ControllerComponent.cpp' をコンパイルしています)
  
C:\Users\2240225\Desktop\3Dsoftbody\Source\Components\Render\MeshComponent.h(205,32): warning C4834: [[nodiscard]] 属性を持つ関数の戻り値を破棄しています
  (ソース ファイル 'Source/Components/Controller/ControllerComponent.cpp' をコンパイルしています)
  
  EraseInAreaComponent.cpp
C:\Users\2240225\Desktop\3Dsoftbody\Source\Core\ActorManager.h(283,24): warning C4834: [[nodiscard]] 属性を持つ関数の戻り値を破棄しています
  (ソース ファイル 'Source/Components/Controller/ControllerComponent.cpp' をコンパイルしています)
  
  ItemSpawnerComponent.cpp
C:\Users\2240225\Desktop\3Dsoftbody\Source\Components\Render\MeshComponent.h(119,32): warning C4834: [[nodiscard]] 属性を持つ関数の戻り値を破棄しています
  (ソース ファイル 'Source/Components/Effect/EffectComponent.cpp' をコンパイルしています)
  
C:\Users\2240225\Desktop\3Dsoftbody\Source\Components\Render\MeshComponent.h(205,32): warning C4834: [[nodiscard]] 属性を持つ関数の戻り値を破棄しています
  (ソース ファイル 'Source/Components/Effect/EffectComponent.cpp' をコンパイルしています)
  
  LifeTimeComponent.cpp
  ShockWaveCollisionComponent.cpp
C:\Users\2240225\Desktop\3Dsoftbody\Source\Components\Render\MeshComponent.h(119,32): warning C4834: [[nodiscard]] 属性を持つ関数の戻り値を破棄しています
  (ソース ファイル 'Source/Components/Game/EraseInAreaComponent.cpp' をコンパイルしています)
  
C:\Users\2240225\Desktop\3Dsoftbody\Source\Components\Render\MeshComponent.h(205,32): warning C4834: [[nodiscard]] 属性を持つ関数の戻り値を破棄しています
  (ソース ファイル 'Source/Components/Game/EraseInAreaComponent.cpp' をコンパイルしています)
  
C:\Users\2240225\Desktop\3Dsoftbody\Source\Core\ActorManager.h(283,24): warning C4834: [[nodiscard]] 属性を持つ関数の戻り値を破棄しています
  (ソース ファイル 'Source/Components/Game/EraseInAreaComponent.cpp' をコンパイルしています)
  
C:\Users\2240225\Desktop\3Dsoftbody\Source\Components\Render\MeshComponent.h(119,32): warning C4834: [[nodiscard]] 属性を持つ関数の戻り値を破棄しています
  (ソース ファイル 'Source/Components/Game/ItemSpawnerComponent.cpp' をコンパイルしています)
  
C:\Users\2240225\Desktop\3Dsoftbody\Source\Components\Render\MeshComponent.h(205,32): warning C4834: [[nodiscard]] 属性を持つ関数の戻り値を破棄しています
  (ソース ファイル 'Source/Components/Game/ItemSpawnerComponent.cpp' をコンパイルしています)
  
C:\Users\2240225\Desktop\3Dsoftbody\Source\Game\Actors\Stage\Building.h(60,24): warning C4834: [[nodiscard]] 属性を持つ関数の戻り値を破棄しています
  (ソース ファイル 'Source/Components/Game/EraseInAreaComponent.cpp' をコンパイルしています)
  
C:\Users\2240225\Desktop\3Dsoftbody\Source\Game\Actors\Stage\BossBuilding.h(75,24): warning C4834: [[nodiscard]] 属性を持つ関数の戻り値を破棄しています
  (ソース ファイル 'Source/Components/Game/EraseInAreaComponent.cpp' をコンパイルしています)
  
C:\Users\2240225\Desktop\3Dsoftbody\Source\Core\ActorManager.h(283,24): warning C4834: [[nodiscard]] 属性を持つ関数の戻り値を破棄しています
  (ソース ファイル 'Source/Components/Game/ItemSpawnerComponent.cpp' をコンパイルしています)
  
C:\Users\2240225\Desktop\3Dsoftbody\Source\Components\Render\MeshComponent.h(119,32): warning C4834: [[nodiscard]] 属性を持つ関数の戻り値を破棄しています
  (ソース ファイル 'Source/Components/Game/LifeTimeComponent.cpp' をコンパイルしています)
  
C:\Users\2240225\Desktop\3Dsoftbody\Source\Components\Render\MeshComponent.h(205,32): warning C4834: [[nodiscard]] 属性を持つ関数の戻り値を破棄しています
  (ソース ファイル 'Source/Components/Game/LifeTimeComponent.cpp' をコンパイルしています)
  
C:\Users\2240225\Desktop\3Dsoftbody\Source\Components\Render\MeshComponent.h(119,32): warning C4834: [[nodiscard]] 属性を持つ関数の戻り値を破棄しています
  (ソース ファイル 'Source/Components/Game/ShockWaveCollisionComponent.cpp' をコンパイルしています)
  
C:\Users\2240225\Desktop\3Dsoftbody\Source\Components\Render\MeshComponent.h(205,32): warning C4834: [[nodiscard]] 属性を持つ関数の戻り値を破棄しています
  (ソース ファイル 'Source/Components/Game/ShockWaveCollisionComponent.cpp' をコンパイルしています)
  
  ActorManager.cpp
C:\Users\2240225\Desktop\3Dsoftbody\Source\Core\ActorManager.h(283,24): warning C4834: [[nodiscard]] 属性を持つ関数の戻り値を破棄しています
  (ソース ファイル 'Source/Components/Game/ShockWaveCollisionComponent.cpp' をコンパイルしています)
  
C:\Users\2240225\Desktop\3Dsoftbody\Source\Game\Actors\Stage\Building.h(60,24): warning C4834: [[nodiscard]] 属性を持つ関数の戻り値を破棄しています
  (ソース ファイル 'Source/Components/Game/ShockWaveCollisionComponent.cpp' をコンパイルしています)
  
C:\Users\2240225\Desktop\3Dsoftbody\Source\Game\Actors\Stage\BossBuilding.h(75,24): warning C4834: [[nodiscard]] 属性を持つ関数の戻り値を破棄しています
  (ソース ファイル 'Source/Components/Game/ShockWaveCollisionComponent.cpp' をコンパイルしています)
  
  World.cpp
C:\Users\2240225\Desktop\3Dsoftbody\Source\Components\Render\MeshComponent.h(119,32): warning C4834: [[nodiscard]] 属性を持つ関数の戻り値を破棄しています
  (ソース ファイル 'Source/Core/ActorManager.cpp' をコンパイルしています)
  
C:\Users\2240225\Desktop\3Dsoftbody\Source\Components\Render\MeshComponent.h(205,32): warning C4834: [[nodiscard]] 属性を持つ関数の戻り値を破棄しています
  (ソース ファイル 'Source/Core/ActorManager.cpp' をコンパイルしています)
  
  Framework.cpp
  Scene.cpp
C:\Users\2240225\Desktop\3Dsoftbody\Source\Components\Render\MeshComponent.h(119,32): warning C4834: [[nodiscard]] 属性を持つ関数の戻り値を破棄しています
  (ソース ファイル 'Source/Core/World.cpp' をコンパイルしています)
  
C:\Users\2240225\Desktop\3Dsoftbody\Source\Components\Render\MeshComponent.h(205,32): warning C4834: [[nodiscard]] 属性を持つ関数の戻り値を破棄しています
  (ソース ファイル 'Source/Core/World.cpp' をコンパイルしています)
  
C:\Users\2240225\Desktop\3Dsoftbody\Source\Core\ActorManager.h(283,24): warning C4834: [[nodiscard]] 属性を持つ関数の戻り値を破棄しています
  (ソース ファイル 'Source/Core/ActorManager.cpp' をコンパイルしています)
  
  Beam.cpp
C:\Users\2240225\Desktop\3Dsoftbody\Source\Components\Render\MeshComponent.h(119,32): warning C4834: [[nodiscard]] 属性を持つ関数の戻り値を破棄しています
  (ソース ファイル 'Source/Engine/Scene/Scene.cpp' をコンパイルしています)
  
C:\Users\2240225\Desktop\3Dsoftbody\Source\Components\Render\MeshComponent.h(205,32): warning C4834: [[nodiscard]] 属性を持つ関数の戻り値を破棄しています
  (ソース ファイル 'Source/Engine/Scene/Scene.cpp' をコンパイルしています)
  
C:\Users\2240225\Desktop\3Dsoftbody\Source\Components\Render\MeshComponent.h(119,32): warning C4834: [[nodiscard]] 属性を持つ関数の戻り値を破棄しています
  (ソース ファイル 'Source/Engine/Framework/Framework.cpp' をコンパイルしています)
  
  ActionDerived.cpp
C:\Users\2240225\Desktop\3Dsoftbody\Source\Components\Render\MeshComponent.h(205,32): warning C4834: [[nodiscard]] 属性を持つ関数の戻り値を破棄しています
  (ソース ファイル 'Source/Engine/Framework/Framework.cpp' をコンパイルしています)
  
C:\Users\2240225\Desktop\3Dsoftbody\Source\Core\ActorManager.h(283,24): warning C4834: [[nodiscard]] 属性を持つ関数の戻り値を破棄しています
  (ソース ファイル 'Source/Engine/Scene/Scene.cpp' をコンパイルしています)
  
C:\Users\2240225\Desktop\3Dsoftbody\Source\Core\ActorManager.h(283,24): warning C4834: [[nodiscard]] 属性を持つ関数の戻り値を破棄しています
  (ソース ファイル 'Source/Engine/Framework/Framework.cpp' をコンパイルしています)
  
C:\Users\2240225\Desktop\3Dsoftbody\Source\Game\Actors\Stage\TitleStage.h(61,28): warning C4834: [[nodiscard]] 属性を持つ関数の戻り値を破棄しています
  (ソース ファイル 'Source/Engine/Framework/Framework.cpp' をコンパイルしています)
  
C:\Users\2240225\Desktop\3Dsoftbody\Source\Game\Actors\Stage\TitleStage.h(62,28): warning C4834: [[nodiscard]] 属性を持つ関数の戻り値を破棄しています
  (ソース ファイル 'Source/Engine/Framework/Framework.cpp' をコンパイルしています)
  
C:\Users\2240225\Desktop\3Dsoftbody\Source\Game\Actors\Stage\TitleStage.h(63,28): warning C4834: [[nodiscard]] 属性を持つ関数の戻り値を破棄しています
  (ソース ファイル 'Source/Engine/Framework/Framework.cpp' をコンパイルしています)
  
C:\Users\2240225\Desktop\3Dsoftbody\Source\Game\Actors\Stage\TitleStage.h(64,28): warning C4834: [[nodiscard]] 属性を持つ関数の戻り値を破棄しています
  (ソース ファイル 'Source/Engine/Framework/Framework.cpp' をコンパイルしています)
  
C:\Users\2240225\Desktop\3Dsoftbody\Source\Game\Actors\Stage\TitleStage.h(68,28): warning C4834: [[nodiscard]] 属性を持つ関数の戻り値を破棄しています
  (ソース ファイル 'Source/Engine/Framework/Framework.cpp' をコンパイルしています)
  
C:\Users\2240225\Desktop\3Dsoftbody\Source\Game\Actors\Stage\TitleStage.h(69,28): warning C4834: [[nodiscard]] 属性を持つ関数の戻り値を破棄しています
  (ソース ファイル 'Source/Engine/Framework/Framework.cpp' をコンパイルしています)
  
C:\Users\2240225\Desktop\3Dsoftbody\Source\Game\Actors\Stage\TitleStage.h(70,28): warning C4834: [[nodiscard]] 属性を持つ関数の戻り値を破棄しています
  (ソース ファイル 'Source/Engine/Framework/Framework.cpp' をコンパイルしています)
  
C:\Users\2240225\Desktop\3Dsoftbody\Source\Game\Actors\Stage\TitleStage.h(71,28): warning C4834: [[nodiscard]] 属性を持つ関数の戻り値を破棄しています
  (ソース ファイル 'Source/Engine/Framework/Framework.cpp' をコンパイルしています)
  
C:\Users\2240225\Desktop\3Dsoftbody\Source\Game\Actors\Player\TitlePlayer.h(91,28): warning C4834: [[nodiscard]] 属性を持つ関数の戻り値を破棄しています
  (ソース ファイル 'Source/Engine/Framework/Framework.cpp' をコンパイルしています)
  
C:\Users\2240225\Desktop\3Dsoftbody\Source\Game\Actors\Player\TitlePlayer.h(95,28): warning C4834: [[nodiscard]] 属性を持つ関数の戻り値を破棄しています
  (ソース ファイル 'Source/Engine/Framework/Framework.cpp' をコンパイルしています)
  
C:\Users\2240225\Desktop\3Dsoftbody\Source\Game\Actors\Stage\Building.h(60,24): warning C4834: [[nodiscard]] 属性を持つ関数の戻り値を破棄しています
  (ソース ファイル 'Source/Engine/Framework/Framework.cpp' をコンパイルしています)
  
C:\Users\2240225\Desktop\3Dsoftbody\Source\Game\Actors\Stage\BossBuilding.h(75,24): warning C4834: [[nodiscard]] 属性を持つ関数の戻り値を破棄しています
  (ソース ファイル 'Source/Engine/Framework/Framework.cpp' をコンパイルしています)
  
C:\Users\2240225\Desktop\3Dsoftbody\Source\Components\Render\MeshComponent.h(119,32): warning C4834: [[nodiscard]] 属性を持つ関数の戻り値を破棄しています
  (ソース ファイル 'Source/Game/Actors/Beam/Beam.cpp' をコンパイルしています)
  
C:\Users\2240225\Desktop\3Dsoftbody\Source\Components\Render\MeshComponent.h(205,32): warning C4834: [[nodiscard]] 属性を持つ関数の戻り値を破棄しています
  (ソース ファイル 'Source/Game/Actors/Beam/Beam.cpp' をコンパイルしています)
  
C:\Users\2240225\Desktop\3Dsoftbody\Source\Core\ActorManager.h(283,24): warning C4834: [[nodiscard]] 属性を持つ関数の戻り値を破棄しています
  (ソース ファイル 'Source/Game/Actors/Beam/Beam.cpp' をコンパイルしています)
  
C:\Users\2240225\Desktop\3Dsoftbody\Source\Game\Actors\Stage\Building.h(60,24): warning C4834: [[nodiscard]] 属性を持つ関数の戻り値を破棄しています
  (ソース ファイル 'Source/Game/Actors/Beam/Beam.cpp' をコンパイルしています)
  
C:\Users\2240225\Desktop\3Dsoftbody\Source\Components\Render\MeshComponent.h(119,32): warning C4834: [[nodiscard]] 属性を持つ関数の戻り値を破棄しています
  (ソース ファイル 'Source/Game/Actors/Enemy/ActionDerived.cpp' をコンパイルしています)
  
C:\Users\2240225\Desktop\3Dsoftbody\Source\Components\Render\MeshComponent.h(205,32): warning C4834: [[nodiscard]] 属性を持つ関数の戻り値を破棄しています
  (ソース ファイル 'Source/Game/Actors/Enemy/ActionDerived.cpp' をコンパイルしています)
  
C:\Users\2240225\Desktop\3Dsoftbody\Source\Game\Actors\Stage\BossBuilding.h(75,24): warning C4834: [[nodiscard]] 属性を持つ関数の戻り値を破棄しています
  (ソース ファイル 'Source/Game/Actors/Beam/Beam.cpp' をコンパイルしています)
  
  BehaviorTree.cpp
C:\Users\2240225\Desktop\3Dsoftbody\Source\Core\ActorManager.h(283,24): warning C4834: [[nodiscard]] 属性を持つ関数の戻り値を破棄しています
  (ソース ファイル 'Source/Game/Actors/Enemy/ActionDerived.cpp' をコンパイルしています)
  
C:\Users\2240225\Desktop\3Dsoftbody\Source\Game\Actors\Stage\Building.h(60,24): warning C4834: [[nodiscard]] 属性を持つ関数の戻り値を破棄しています
  (ソース ファイル 'Source/Game/Actors/Enemy/ActionDerived.cpp' をコンパイルしています)
  
C:\Users\2240225\Desktop\3Dsoftbody\Source\Game\Actors\Stage\BossBuilding.h(75,24): warning C4834: [[nodiscard]] 属性を持つ関数の戻り値を破棄しています
  (ソース ファイル 'Source/Game/Actors/Enemy/ActionDerived.cpp' をコンパイルしています)
  
C:\Users\2240225\Desktop\3Dsoftbody\Source\Components\Render\MeshComponent.h(119,32): warning C4834: [[nodiscard]] 属性を持つ関数の戻り値を破棄しています
  (ソース ファイル 'Source/Game/Actors/Enemy/BehaviorTree.cpp' をコンパイルしています)
  
C:\Users\2240225\Desktop\3Dsoftbody\Source\Components\Render\MeshComponent.h(205,32): warning C4834: [[nodiscard]] 属性を持つ関数の戻り値を破棄しています
  (ソース ファイル 'Source/Game/Actors/Enemy/BehaviorTree.cpp' をコンパイルしています)
  
  JudgmentDerived.cpp
C:\Users\2240225\Desktop\3Dsoftbody\Source\Core\ActorManager.h(283,24): warning C4834: [[nodiscard]] 属性を持つ関数の戻り値を破棄しています
  (ソース ファイル 'Source/Game/Actors/Enemy/BehaviorTree.cpp' をコンパイルしています)
  
C:\Users\2240225\Desktop\3Dsoftbody\Source\Game\Actors\Stage\Building.h(60,24): warning C4834: [[nodiscard]] 属性を持つ関数の戻り値を破棄しています
  (ソース ファイル 'Source/Game/Actors/Enemy/BehaviorTree.cpp' をコンパイルしています)
  
  NodeBase.cpp
C:\Users\2240225\Desktop\3Dsoftbody\Source\Game\Actors\Stage\BossBuilding.h(75,24): warning C4834: [[nodiscard]] 属性を持つ関数の戻り値を破棄しています
  (ソース ファイル 'Source/Game/Actors/Enemy/BehaviorTree.cpp' をコンパイルしています)
  
  RiderEnemy.cpp
C:\Users\2240225\Desktop\3Dsoftbody\Source\Components\Render\MeshComponent.h(119,32): warning C4834: [[nodiscard]] 属性を持つ関数の戻り値を破棄しています
  (ソース ファイル 'Source/Game/Actors/Enemy/JudgmentDerived.cpp' をコンパイルしています)
  
C:\Users\2240225\Desktop\3Dsoftbody\Source\Components\Render\MeshComponent.h(205,32): warning C4834: [[nodiscard]] 属性を持つ関数の戻り値を破棄しています
  (ソース ファイル 'Source/Game/Actors/Enemy/JudgmentDerived.cpp' をコンパイルしています)
  
C:\Users\2240225\Desktop\3Dsoftbody\Source\Core\ActorManager.h(283,24): warning C4834: [[nodiscard]] 属性を持つ関数の戻り値を破棄しています
  (ソース ファイル 'Source/Game/Actors/Enemy/JudgmentDerived.cpp' をコンパイルしています)
  
C:\Users\2240225\Desktop\3Dsoftbody\Source\Components\Render\MeshComponent.h(119,32): warning C4834: [[nodiscard]] 属性を持つ関数の戻り値を破棄しています
  (ソース ファイル 'Source/Game/Actors/Enemy/NodeBase.cpp' をコンパイルしています)
  
C:\Users\2240225\Desktop\3Dsoftbody\Source\Components\Render\MeshComponent.h(205,32): warning C4834: [[nodiscard]] 属性を持つ関数の戻り値を破棄しています
  (ソース ファイル 'Source/Game/Actors/Enemy/NodeBase.cpp' をコンパイルしています)
  
C:\Users\2240225\Desktop\3Dsoftbody\Source\Game\Actors\Stage\Building.h(60,24): warning C4834: [[nodiscard]] 属性を持つ関数の戻り値を破棄しています
  (ソース ファイル 'Source/Game/Actors/Enemy/JudgmentDerived.cpp' をコンパイルしています)
  
C:\Users\2240225\Desktop\3Dsoftbody\Source\Game\Actors\Stage\BossBuilding.h(75,24): warning C4834: [[nodiscard]] 属性を持つ関数の戻り値を破棄しています
  (ソース ファイル 'Source/Game/Actors/Enemy/JudgmentDerived.cpp' をコンパイルしています)
  
C:\Users\2240225\Desktop\3Dsoftbody\Source\Core\ActorManager.h(283,24): warning C4834: [[nodiscard]] 属性を持つ関数の戻り値を破棄しています
  (ソース ファイル 'Source/Game/Actors/Enemy/NodeBase.cpp' をコンパイルしています)
  
C:\Users\2240225\Desktop\3Dsoftbody\Source\Game\Actors\Stage\Building.h(60,24): warning C4834: [[nodiscard]] 属性を持つ関数の戻り値を破棄しています
  (ソース ファイル 'Source/Game/Actors/Enemy/NodeBase.cpp' をコンパイルしています)
  
C:\Users\2240225\Desktop\3Dsoftbody\Source\Components\Render\MeshComponent.h(119,32): warning C4834: [[nodiscard]] 属性を持つ関数の戻り値を破棄しています
  (ソース ファイル 'Source/Game/Actors/Enemy/RiderEnemy.cpp' をコンパイルしています)
  
C:\Users\2240225\Desktop\3Dsoftbody\Source\Components\Render\MeshComponent.h(205,32): warning C4834: [[nodiscard]] 属性を持つ関数の戻り値を破棄しています
  (ソース ファイル 'Source/Game/Actors/Enemy/RiderEnemy.cpp' をコンパイルしています)
  
C:\Users\2240225\Desktop\3Dsoftbody\Source\Game\Actors\Stage\BossBuilding.h(75,24): warning C4834: [[nodiscard]] 属性を持つ関数の戻り値を破棄しています
  (ソース ファイル 'Source/Game/Actors/Enemy/NodeBase.cpp' をコンパイルしています)
  
  PickUpItem.cpp
C:\Users\2240225\Desktop\3Dsoftbody\Source\Core\ActorManager.h(283,24): warning C4834: [[nodiscard]] 属性を持つ関数の戻り値を破棄しています
  (ソース ファイル 'Source/Game/Actors/Enemy/RiderEnemy.cpp' をコンパイルしています)
  
C:\Users\2240225\Desktop\3Dsoftbody\Source\Game\Actors\Stage\Building.h(60,24): warning C4834: [[nodiscard]] 属性を持つ関数の戻り値を破棄しています
  (ソース ファイル 'Source/Game/Actors/Enemy/RiderEnemy.cpp' をコンパイルしています)
  
C:\Users\2240225\Desktop\3Dsoftbody\Source\Game\Actors\Stage\BossBuilding.h(75,24): warning C4834: [[nodiscard]] 属性を持つ関数の戻り値を破棄しています
  (ソース ファイル 'Source/Game/Actors/Enemy/RiderEnemy.cpp' をコンパイルしています)
  
C:\Users\2240225\Desktop\3Dsoftbody\Source\Components\Render\MeshComponent.h(119,32): warning C4834: [[nodiscard]] 属性を持つ関数の戻り値を破棄しています
  (ソース ファイル 'Source/Game/Actors/Item/PickUpItem.cpp' をコンパイルしています)
  
C:\Users\2240225\Desktop\3Dsoftbody\Source\Components\Render\MeshComponent.h(205,32): warning C4834: [[nodiscard]] 属性を持つ関数の戻り値を破棄しています
  (ソース ファイル 'Source/Game/Actors/Item/PickUpItem.cpp' をコンパイルしています)
  
  Player.cpp
C:\Users\2240225\Desktop\3Dsoftbody\Source\Core\ActorManager.h(283,24): warning C4834: [[nodiscard]] 属性を持つ関数の戻り値を破棄しています
  (ソース ファイル 'Source/Game/Actors/Item/PickUpItem.cpp' をコンパイルしています)
  
C:\Users\2240225\Desktop\3Dsoftbody\Source\Game\Actors\Stage\Building.h(60,24): warning C4834: [[nodiscard]] 属性を持つ関数の戻り値を破棄しています
  (ソース ファイル 'Source/Game/Actors/Item/PickUpItem.cpp' をコンパイルしています)
  
  PlayerState.cpp
C:\Users\2240225\Desktop\3Dsoftbody\Source\Game\Actors\Stage\BossBuilding.h(75,24): warning C4834: [[nodiscard]] 属性を持つ関数の戻り値を破棄しています
  (ソース ファイル 'Source/Game/Actors/Item/PickUpItem.cpp' をコンパイルしています)
  
C:\Users\2240225\Desktop\3Dsoftbody\Source\Game\Actors\Item\PickUpItem.cpp(13,20): warning C4834: [[nodiscard]] 属性を持つ関数の戻り値を破棄しています
C:\Users\2240225\Desktop\3Dsoftbody\Source\Game\Actors\Item\PickUpItem.cpp(48,20): warning C4834: [[nodiscard]] 属性を持つ関数の戻り値を破棄しています
C:\Users\2240225\Desktop\3Dsoftbody\Source\Components\Render\MeshComponent.h(119,32): warning C4834: [[nodiscard]] 属性を持つ関数の戻り値を破棄しています
  (ソース ファイル 'Source/Game/Actors/Player/Player.cpp' をコンパイルしています)
  
C:\Users\2240225\Desktop\3Dsoftbody\Source\Components\Render\MeshComponent.h(205,32): warning C4834: [[nodiscard]] 属性を持つ関数の戻り値を破棄しています
  (ソース ファイル 'Source/Game/Actors/Player/Player.cpp' をコンパイルしています)
  
  BossBuilding.cpp
C:\Users\2240225\Desktop\3Dsoftbody\Source\Core\ActorManager.h(283,24): warning C4834: [[nodiscard]] 属性を持つ関数の戻り値を破棄しています
  (ソース ファイル 'Source/Game/Actors/Player/Player.cpp' をコンパイルしています)
  
C:\Users\2240225\Desktop\3Dsoftbody\Source\Components\Render\MeshComponent.h(119,32): warning C4834: [[nodiscard]] 属性を持つ関数の戻り値を破棄しています
  (ソース ファイル 'Source/Game/Actors/Player/PlayerState.cpp' をコンパイルしています)
  
C:\Users\2240225\Desktop\3Dsoftbody\Source\Components\Render\MeshComponent.h(205,32): warning C4834: [[nodiscard]] 属性を持つ関数の戻り値を破棄しています
  (ソース ファイル 'Source/Game/Actors/Player/PlayerState.cpp' をコンパイルしています)
  
C:\Users\2240225\Desktop\3Dsoftbody\Source\Game\Actors\Stage\Building.h(60,24): warning C4834: [[nodiscard]] 属性を持つ関数の戻り値を破棄しています
  (ソース ファイル 'Source/Game/Actors/Player/Player.cpp' をコンパイルしています)
  
C:\Users\2240225\Desktop\3Dsoftbody\Source\Game\Actors\Stage\BossBuilding.h(75,24): warning C4834: [[nodiscard]] 属性を持つ関数の戻り値を破棄しています
  (ソース ファイル 'Source/Game/Actors/Player/Player.cpp' をコンパイルしています)
  
C:\Users\2240225\Desktop\3Dsoftbody\Source\Core\ActorManager.h(283,24): warning C4834: [[nodiscard]] 属性を持つ関数の戻り値を破棄しています
  (ソース ファイル 'Source/Game/Actors/Player/PlayerState.cpp' をコンパイルしています)
  
C:\Users\2240225\Desktop\3Dsoftbody\Source\Game\Actors\Player\Player.cpp(37,20): warning C4834: [[nodiscard]] 属性を持つ関数の戻り値を破棄しています
C:\Users\2240225\Desktop\3Dsoftbody\Source\Game\Actors\Player\Player.cpp(68,20): warning C4834: [[nodiscard]] 属性を持つ関数の戻り値を破棄しています
C:\Users\2240225\Desktop\3Dsoftbody\Source\Game\Actors\Player\Player.cpp(112,20): warning C4834: [[nodiscard]] 属性を持つ関数の戻り値を破棄しています
C:\Users\2240225\Desktop\3Dsoftbody\Source\Game\Actors\Stage\Building.h(60,24): warning C4834: [[nodiscard]] 属性を持つ関数の戻り値を破棄しています
  (ソース ファイル 'Source/Game/Actors/Player/PlayerState.cpp' をコンパイルしています)
  
C:\Users\2240225\Desktop\3Dsoftbody\Source\Game\Actors\Stage\BossBuilding.h(75,24): warning C4834: [[nodiscard]] 属性を持つ関数の戻り値を破棄しています
  (ソース ファイル 'Source/Game/Actors/Player/PlayerState.cpp' をコンパイルしています)
  
  Building.cpp
C:\Users\2240225\Desktop\3Dsoftbody\Source\Components\Render\MeshComponent.h(119,32): warning C4834: [[nodiscard]] 属性を持つ関数の戻り値を破棄しています
  (ソース ファイル 'Source/Game/Actors/Stage/BossBuilding.cpp' をコンパイルしています)
  
C:\Users\2240225\Desktop\3Dsoftbody\Source\Components\Render\MeshComponent.h(205,32): warning C4834: [[nodiscard]] 属性を持つ関数の戻り値を破棄しています
  (ソース ファイル 'Source/Game/Actors/Stage/BossBuilding.cpp' をコンパイルしています)
  
C:\Users\2240225\Desktop\3Dsoftbody\Source\Core\ActorManager.h(283,24): warning C4834: [[nodiscard]] 属性を持つ関数の戻り値を破棄しています
  (ソース ファイル 'Source/Game/Actors/Stage/BossBuilding.cpp' をコンパイルしています)
  
C:\Users\2240225\Desktop\3Dsoftbody\Source\Game\Actors\Stage\BossBuilding.h(75,24): warning C4834: [[nodiscard]] 属性を持つ関数の戻り値を破棄しています
  (ソース ファイル 'Source/Game/Actors/Stage/BossBuilding.cpp' をコンパイルしています)
  
C:\Users\2240225\Desktop\3Dsoftbody\Source\Game\Actors\Stage\Building.h(60,24): warning C4834: [[nodiscard]] 属性を持つ関数の戻り値を破棄しています
  (ソース ファイル 'Source/Game/Actors/Stage/BossBuilding.cpp' をコンパイルしています)
  
C:\Users\2240225\Desktop\3Dsoftbody\Source\Components\Render\MeshComponent.h(119,32): warning C4834: [[nodiscard]] 属性を持つ関数の戻り値を破棄しています
  (ソース ファイル 'Source/Game/Actors/Stage/Building.cpp' をコンパイルしています)
  
C:\Users\2240225\Desktop\3Dsoftbody\Source\Components\Render\MeshComponent.h(205,32): warning C4834: [[nodiscard]] 属性を持つ関数の戻り値を破棄しています
  (ソース ファイル 'Source/Game/Actors/Stage/Building.cpp' をコンパイルしています)
  
  ClothSimulate.cpp
C:\Users\2240225\Desktop\3Dsoftbody\Source\Core\ActorManager.h(283,24): warning C4834: [[nodiscard]] 属性を持つ関数の戻り値を破棄しています
  (ソース ファイル 'Source/Game/Actors/Stage/Building.cpp' をコンパイルしています)
  
C:\Users\2240225\Desktop\3Dsoftbody\Source\Game\Actors\Stage\Building.h(60,24): warning C4834: [[nodiscard]] 属性を持つ関数の戻り値を破棄しています
  (ソース ファイル 'Source/Game/Actors/Stage/Building.cpp' をコンパイルしています)
  
  BuildingManager.cpp
C:\Users\2240225\Desktop\3Dsoftbody\Source\Game\Actors\Stage\BossBuilding.h(75,24): warning C4834: [[nodiscard]] 属性を持つ関数の戻り値を破棄しています
  (ソース ファイル 'Source/Game/Actors/Stage/Building.cpp' をコンパイルしています)
  
  GameManager.cpp
C:\Users\2240225\Desktop\3Dsoftbody\Source\Components\Render\MeshComponent.h(119,32): warning C4834: [[nodiscard]] 属性を持つ関数の戻り値を破棄しています
  (ソース ファイル 'Source/Game/Managers/BuildingManager.cpp' をコンパイルしています)
  
C:\Users\2240225\Desktop\3Dsoftbody\Source\Components\Render\MeshComponent.h(205,32): warning C4834: [[nodiscard]] 属性を持つ関数の戻り値を破棄しています
  (ソース ファイル 'Source/Game/Managers/BuildingManager.cpp' をコンパイルしています)
  
C:\Users\2240225\Desktop\3Dsoftbody\Source\Core\ActorManager.h(283,24): warning C4834: [[nodiscard]] 属性を持つ関数の戻り値を破棄しています
  (ソース ファイル 'Source/Game/Managers/BuildingManager.cpp' をコンパイルしています)
  
C:\Users\2240225\Desktop\3Dsoftbody\Source\Game\Actors\Stage\Building.h(60,24): warning C4834: [[nodiscard]] 属性を持つ関数の戻り値を破棄しています
  (ソース ファイル 'Source/Game/Managers/BuildingManager.cpp' をコンパイルしています)
  
C:\Users\2240225\Desktop\3Dsoftbody\Source\Game\Actors\Stage\BossBuilding.h(75,24): warning C4834: [[nodiscard]] 属性を持つ関数の戻り値を破棄しています
  (ソース ファイル 'Source/Game/Managers/BuildingManager.cpp' をコンパイルしています)
  
C:\Users\2240225\Desktop\3Dsoftbody\Source\Components\Render\MeshComponent.h(119,32): warning C4834: [[nodiscard]] 属性を持つ関数の戻り値を破棄しています
  (ソース ファイル 'Source/Game/Managers/GameManager.cpp' をコンパイルしています)
  
C:\Users\2240225\Desktop\3Dsoftbody\Source\Components\Render\MeshComponent.h(205,32): warning C4834: [[nodiscard]] 属性を持つ関数の戻り値を破棄しています
  (ソース ファイル 'Source/Game/Managers/GameManager.cpp' をコンパイルしています)
  
  TutorialSystem.cpp
C:\Users\2240225\Desktop\3Dsoftbody\Source\Core\ActorManager.h(283,24): warning C4834: [[nodiscard]] 属性を持つ関数の戻り値を破棄しています
  (ソース ファイル 'Source/Game/Managers/GameManager.cpp' をコンパイルしています)
  
C:\Users\2240225\Desktop\3Dsoftbody\Source\Game\Actors\Stage\Building.h(60,24): warning C4834: [[nodiscard]] 属性を持つ関数の戻り値を破棄しています
  (ソース ファイル 'Source/Game/Managers/GameManager.cpp' をコンパイルしています)
  
C:\Users\2240225\Desktop\3Dsoftbody\Source\Game\Actors\Stage\BossBuilding.h(75,24): warning C4834: [[nodiscard]] 属性を持つ関数の戻り値を破棄しています
  (ソース ファイル 'Source/Game/Managers/GameManager.cpp' をコンパイルしています)
  
  BootScene.cpp
  LoadingScene.cpp
  MainScene.cpp
C:\Users\2240225\Desktop\3Dsoftbody\Source\Components\Render\MeshComponent.h(119,32): warning C4834: [[nodiscard]] 属性を持つ関数の戻り値を破棄しています
  (ソース ファイル 'Source/Game/Scenes/BootScene.cpp' をコンパイルしています)
  
C:\Users\2240225\Desktop\3Dsoftbody\Source\Components\Render\MeshComponent.h(205,32): warning C4834: [[nodiscard]] 属性を持つ関数の戻り値を破棄しています
  (ソース ファイル 'Source/Game/Scenes/BootScene.cpp' をコンパイルしています)
  
C:\Users\2240225\Desktop\3Dsoftbody\Source\Core\ActorManager.h(283,24): warning C4834: [[nodiscard]] 属性を持つ関数の戻り値を破棄しています
  (ソース ファイル 'Source/Game/Scenes/BootScene.cpp' をコンパイルしています)
  
C:\Users\2240225\Desktop\3Dsoftbody\Source\Game\Actors\Stage\TitleStage.h(61,28): warning C4834: [[nodiscard]] 属性を持つ関数の戻り値を破棄しています
  (ソース ファイル 'Source/Game/Scenes/BootScene.cpp' をコンパイルしています)
  
C:\Users\2240225\Desktop\3Dsoftbody\Source\Game\Actors\Stage\TitleStage.h(62,28): warning C4834: [[nodiscard]] 属性を持つ関数の戻り値を破棄しています
  (ソース ファイル 'Source/Game/Scenes/BootScene.cpp' をコンパイルしています)
  
C:\Users\2240225\Desktop\3Dsoftbody\Source\Game\Actors\Stage\TitleStage.h(63,28): warning C4834: [[nodiscard]] 属性を持つ関数の戻り値を破棄しています
  (ソース ファイル 'Source/Game/Scenes/BootScene.cpp' をコンパイルしています)
  
C:\Users\2240225\Desktop\3Dsoftbody\Source\Game\Actors\Stage\TitleStage.h(64,28): warning C4834: [[nodiscard]] 属性を持つ関数の戻り値を破棄しています
  (ソース ファイル 'Source/Game/Scenes/BootScene.cpp' をコンパイルしています)
  
C:\Users\2240225\Desktop\3Dsoftbody\Source\Game\Actors\Stage\TitleStage.h(68,28): warning C4834: [[nodiscard]] 属性を持つ関数の戻り値を破棄しています
  (ソース ファイル 'Source/Game/Scenes/BootScene.cpp' をコンパイルしています)
  
C:\Users\2240225\Desktop\3Dsoftbody\Source\Game\Actors\Stage\TitleStage.h(69,28): warning C4834: [[nodiscard]] 属性を持つ関数の戻り値を破棄しています
  (ソース ファイル 'Source/Game/Scenes/BootScene.cpp' をコンパイルしています)
  
C:\Users\2240225\Desktop\3Dsoftbody\Source\Game\Actors\Stage\TitleStage.h(70,28): warning C4834: [[nodiscard]] 属性を持つ関数の戻り値を破棄しています
  (ソース ファイル 'Source/Game/Scenes/BootScene.cpp' をコンパイルしています)
  
C:\Users\2240225\Desktop\3Dsoftbody\Source\Game\Actors\Stage\TitleStage.h(71,28): warning C4834: [[nodiscard]] 属性を持つ関数の戻り値を破棄しています
  (ソース ファイル 'Source/Game/Scenes/BootScene.cpp' をコンパイルしています)
  
C:\Users\2240225\Desktop\3Dsoftbody\Source\Game\Actors\Player\TitlePlayer.h(91,28): warning C4834: [[nodiscard]] 属性を持つ関数の戻り値を破棄しています
  (ソース ファイル 'Source/Game/Scenes/BootScene.cpp' をコンパイルしています)
  
C:\Users\2240225\Desktop\3Dsoftbody\Source\Game\Actors\Player\TitlePlayer.h(95,28): warning C4834: [[nodiscard]] 属性を持つ関数の戻り値を破棄しています
  (ソース ファイル 'Source/Game/Scenes/BootScene.cpp' をコンパイルしています)
  
  TutorialScene.cpp
C:\Users\2240225\Desktop\3Dsoftbody\Source\Game\Actors\Stage\Building.h(60,24): warning C4834: [[nodiscard]] 属性を持つ関数の戻り値を破棄しています
  (ソース ファイル 'Source/Game/Scenes/BootScene.cpp' をコンパイルしています)
  
C:\Users\2240225\Desktop\3Dsoftbody\Source\Components\Render\MeshComponent.h(119,32): warning C4834: [[nodiscard]] 属性を持つ関数の戻り値を破棄しています
  (ソース ファイル 'Source/Game/Scenes/LoadingScene.cpp' をコンパイルしています)
  
C:\Users\2240225\Desktop\3Dsoftbody\Source\Components\Render\MeshComponent.h(205,32): warning C4834: [[nodiscard]] 属性を持つ関数の戻り値を破棄しています
  (ソース ファイル 'Source/Game/Scenes/LoadingScene.cpp' をコンパイルしています)
  
C:\Users\2240225\Desktop\3Dsoftbody\Source\Game\Actors\Stage\BossBuilding.h(75,24): warning C4834: [[nodiscard]] 属性を持つ関数の戻り値を破棄しています
  (ソース ファイル 'Source/Game/Scenes/BootScene.cpp' をコンパイルしています)
  
C:\Users\2240225\Desktop\3Dsoftbody\Source\Core\ActorManager.h(283,24): warning C4834: [[nodiscard]] 属性を持つ関数の戻り値を破棄しています
  (ソース ファイル 'Source/Game/Scenes/LoadingScene.cpp' をコンパイルしています)
  
C:\Users\2240225\Desktop\3Dsoftbody\Source\Game\Actors\Stage\Cloth.h(232,24): warning C4834: [[nodiscard]] 属性を持つ関数の戻り値を破棄しています
  (ソース ファイル 'Source/Game/Scenes/BootScene.cpp' をコンパイルしています)
  
C:\Users\2240225\Desktop\3Dsoftbody\Source\Game\Actors\Stage\Cloth.h(234,24): warning C4834: [[nodiscard]] 属性を持つ関数の戻り値を破棄しています
  (ソース ファイル 'Source/Game/Scenes/BootScene.cpp' をコンパイルしています)
  
C:\Users\2240225\Desktop\3Dsoftbody\Source\Game\Scenes\BootScene.cpp(95,20): warning C4834: [[nodiscard]] 属性を持つ関数の戻り値を破棄しています
C:\Users\2240225\Desktop\3Dsoftbody\Source\Game\Scenes\BootScene.cpp(108,20): warning C4834: [[nodiscard]] 属性を持つ関数の戻り値を破棄しています
C:\Users\2240225\Desktop\3Dsoftbody\Source\Game\Scenes\BootScene.cpp(112,20): warning C4834: [[nodiscard]] 属性を持つ関数の戻り値を破棄しています
C:\Users\2240225\Desktop\3Dsoftbody\Source\Game\Actors\Stage\Building.h(60,24): warning C4834: [[nodiscard]] 属性を持つ関数の戻り値を破棄しています
  (ソース ファイル 'Source/Game/Scenes/LoadingScene.cpp' をコンパイルしています)
  
C:\Users\2240225\Desktop\3Dsoftbody\Source\Components\Render\MeshComponent.h(119,32): warning C4834: [[nodiscard]] 属性を持つ関数の戻り値を破棄しています
  (ソース ファイル 'Source/Game/Scenes/MainScene.cpp' をコンパイルしています)
  
C:\Users\2240225\Desktop\3Dsoftbody\Source\Components\Render\MeshComponent.h(205,32): warning C4834: [[nodiscard]] 属性を持つ関数の戻り値を破棄しています
  (ソース ファイル 'Source/Game/Scenes/MainScene.cpp' をコンパイルしています)
  
C:\Users\2240225\Desktop\3Dsoftbody\Source\Game\Actors\Stage\BossBuilding.h(75,24): warning C4834: [[nodiscard]] 属性を持つ関数の戻り値を破棄しています
  (ソース ファイル 'Source/Game/Scenes/LoadingScene.cpp' をコンパイルしています)
  
C:\Users\2240225\Desktop\3Dsoftbody\Source\Game\Scenes\LoadingScene.cpp(67,20): warning C4834: [[nodiscard]] 属性を持つ関数の戻り値を破棄しています
C:\Users\2240225\Desktop\3Dsoftbody\Source\Game\Scenes\LoadingScene.cpp(80,20): warning C4834: [[nodiscard]] 属性を持つ関数の戻り値を破棄しています
C:\Users\2240225\Desktop\3Dsoftbody\Source\Game\Scenes\LoadingScene.cpp(112,20): warning C4834: [[nodiscard]] 属性を持つ関数の戻り値を破棄しています
C:\Users\2240225\Desktop\3Dsoftbody\Source\Game\Scenes\LoadingScene.cpp(113,20): warning C4834: [[nodiscard]] 属性を持つ関数の戻り値を破棄しています
C:\Users\2240225\Desktop\3Dsoftbody\Source\Core\ActorManager.h(283,24): warning C4834: [[nodiscard]] 属性を持つ関数の戻り値を破棄しています
  (ソース ファイル 'Source/Game/Scenes/MainScene.cpp' をコンパイルしています)
  
C:\Users\2240225\Desktop\3Dsoftbody\Source\Game\Actors\Stage\Building.h(60,24): warning C4834: [[nodiscard]] 属性を持つ関数の戻り値を破棄しています
  (ソース ファイル 'Source/Game/Scenes/MainScene.cpp' をコンパイルしています)
  
C:\Users\2240225\Desktop\3Dsoftbody\Source\Components\Render\MeshComponent.h(119,32): warning C4834: [[nodiscard]] 属性を持つ関数の戻り値を破棄しています
  (ソース ファイル 'Source/Game/Scenes/TutorialScene.cpp' をコンパイルしています)
  
C:\Users\2240225\Desktop\3Dsoftbody\Source\Components\Render\MeshComponent.h(205,32): warning C4834: [[nodiscard]] 属性を持つ関数の戻り値を破棄しています
  (ソース ファイル 'Source/Game/Scenes/TutorialScene.cpp' をコンパイルしています)
  
C:\Users\2240225\Desktop\3Dsoftbody\Source\Game\Actors\Stage\BossBuilding.h(75,24): warning C4834: [[nodiscard]] 属性を持つ関数の戻り値を破棄しています
  (ソース ファイル 'Source/Game/Scenes/MainScene.cpp' をコンパイルしています)
  
C:\Users\2240225\Desktop\3Dsoftbody\Source\Core\ActorManager.h(283,24): warning C4834: [[nodiscard]] 属性を持つ関数の戻り値を破棄しています
  (ソース ファイル 'Source/Game/Scenes/TutorialScene.cpp' をコンパイルしています)
  
C:\Users\2240225\Desktop\3Dsoftbody\Source\Game\Actors\Stage\TitleStage.h(61,28): warning C4834: [[nodiscard]] 属性を持つ関数の戻り値を破棄しています
  (ソース ファイル 'Source/Game/Scenes/MainScene.cpp' をコンパイルしています)
  
C:\Users\2240225\Desktop\3Dsoftbody\Source\Game\Actors\Stage\TitleStage.h(62,28): warning C4834: [[nodiscard]] 属性を持つ関数の戻り値を破棄しています
  (ソース ファイル 'Source/Game/Scenes/MainScene.cpp' をコンパイルしています)
  
C:\Users\2240225\Desktop\3Dsoftbody\Source\Game\Actors\Stage\TitleStage.h(63,28): warning C4834: [[nodiscard]] 属性を持つ関数の戻り値を破棄しています
  (ソース ファイル 'Source/Game/Scenes/MainScene.cpp' をコンパイルしています)
  
C:\Users\2240225\Desktop\3Dsoftbody\Source\Game\Actors\Stage\TitleStage.h(64,28): warning C4834: [[nodiscard]] 属性を持つ関数の戻り値を破棄しています
  (ソース ファイル 'Source/Game/Scenes/MainScene.cpp' をコンパイルしています)
  
C:\Users\2240225\Desktop\3Dsoftbody\Source\Game\Actors\Stage\TitleStage.h(68,28): warning C4834: [[nodiscard]] 属性を持つ関数の戻り値を破棄しています
  (ソース ファイル 'Source/Game/Scenes/MainScene.cpp' をコンパイルしています)
  
C:\Users\2240225\Desktop\3Dsoftbody\Source\Game\Actors\Stage\TitleStage.h(69,28): warning C4834: [[nodiscard]] 属性を持つ関数の戻り値を破棄しています
  (ソース ファイル 'Source/Game/Scenes/MainScene.cpp' をコンパイルしています)
  
C:\Users\2240225\Desktop\3Dsoftbody\Source\Game\Actors\Stage\TitleStage.h(70,28): warning C4834: [[nodiscard]] 属性を持つ関数の戻り値を破棄しています
  (ソース ファイル 'Source/Game/Scenes/MainScene.cpp' をコンパイルしています)
  
C:\Users\2240225\Desktop\3Dsoftbody\Source\Game\Actors\Stage\TitleStage.h(71,28): warning C4834: [[nodiscard]] 属性を持つ関数の戻り値を破棄しています
  (ソース ファイル 'Source/Game/Scenes/MainScene.cpp' をコンパイルしています)
  
C:\Users\2240225\Desktop\3Dsoftbody\Source\Game\Actors\Player\TitlePlayer.h(91,28): warning C4834: [[nodiscard]] 属性を持つ関数の戻り値を破棄しています
  (ソース ファイル 'Source/Game/Scenes/MainScene.cpp' をコンパイルしています)
  
C:\Users\2240225\Desktop\3Dsoftbody\Source\Game\Actors\Player\TitlePlayer.h(95,28): warning C4834: [[nodiscard]] 属性を持つ関数の戻り値を破棄しています
  (ソース ファイル 'Source/Game/Scenes/MainScene.cpp' をコンパイルしています)
  
C:\Users\2240225\Desktop\3Dsoftbody\Source\Game\Actors\Stage\Building.h(60,24): warning C4834: [[nodiscard]] 属性を持つ関数の戻り値を破棄しています
  (ソース ファイル 'Source/Game/Scenes/TutorialScene.cpp' をコンパイルしています)
  
C:\Users\2240225\Desktop\3Dsoftbody\Source\Game\Scenes\MainScene.cpp(114,20): warning C4834: [[nodiscard]] 属性を持つ関数の戻り値を破棄しています
C:\Users\2240225\Desktop\3Dsoftbody\Source\Game\Scenes\MainScene.cpp(141,20): warning C4834: [[nodiscard]] 属性を持つ関数の戻り値を破棄しています
C:\Users\2240225\Desktop\3Dsoftbody\Source\Game\Scenes\MainScene.cpp(145,20): warning C4834: [[nodiscard]] 属性を持つ関数の戻り値を破棄しています
C:\Users\2240225\Desktop\3Dsoftbody\Source\Game\Scenes\MainScene.cpp(161,20): warning C4834: [[nodiscard]] 属性を持つ関数の戻り値を破棄しています
C:\Users\2240225\Desktop\3Dsoftbody\Source\Game\Scenes\MainScene.cpp(162,20): warning C4834: [[nodiscard]] 属性を持つ関数の戻り値を破棄しています
C:\Users\2240225\Desktop\3Dsoftbody\Source\Game\Actors\Stage\BossBuilding.h(75,24): warning C4834: [[nodiscard]] 属性を持つ関数の戻り値を破棄しています
  (ソース ファイル 'Source/Game/Scenes/TutorialScene.cpp' をコンパイルしています)
  
C:\Users\2240225\Desktop\3Dsoftbody\Source\Game\Scenes\TutorialScene.cpp(74,20): warning C4834: [[nodiscard]] 属性を持つ関数の戻り値を破棄しています
C:\Users\2240225\Desktop\3Dsoftbody\Source\Game\Scenes\TutorialScene.cpp(87,20): warning C4834: [[nodiscard]] 属性を持つ関数の戻り値を破棄しています
  VolumetricCloudscapes.cpp
  Graphics.cpp
C:\Users\2240225\Desktop\3Dsoftbody\Source\Graphics\Cloud\VolumetricCloudscapes.cpp(57,24): warning C4834: [[nodiscard]] 属性を持つ関数の戻り値を破棄しています
C:\Users\2240225\Desktop\3Dsoftbody\Source\Graphics\Cloud\VolumetricCloudscapes.cpp(111,24): warning C4834: [[nodiscard]] 属性を持つ関数の戻り値を破棄しています
C:\Users\2240225\Desktop\3Dsoftbody\Source\Graphics\Cloud\VolumetricCloudscapes.cpp(171,20): warning C4834: [[nodiscard]] 属性を持つ関数の戻り値を破棄しています
  Shader.cpp
  ComputeParticleSystem.cpp
  EffectSystem.cpp
C:\Users\2240225\Desktop\3Dsoftbody\Source\Components\Render\MeshComponent.h(119,32): warning C4834: [[nodiscard]] 属性を持つ関数の戻り値を破棄しています
  (ソース ファイル 'Source/Graphics/Core/Graphics.cpp' をコンパイルしています)
  
C:\Users\2240225\Desktop\3Dsoftbody\Source\Components\Render\MeshComponent.h(205,32): warning C4834: [[nodiscard]] 属性を持つ関数の戻り値を破棄しています
  (ソース ファイル 'Source/Graphics/Core/Graphics.cpp' をコンパイルしています)
  
  HuskParticle.cpp
C:\Users\2240225\Desktop\3Dsoftbody\Source\Graphics\Effect\ComputeParticleSystem.cpp(159,17): warning C4834: [[nodiscard]] 属性を持つ関数の戻り値を破棄しています
C:\Users\2240225\Desktop\3Dsoftbody\Source\Graphics\Effect\ComputeParticleSystem.cpp(160,17): warning C4834: [[nodiscard]] 属性を持つ関数の戻り値を破棄しています
C:\Users\2240225\Desktop\3Dsoftbody\Source\Graphics\Effect\ComputeParticleSystem.cpp(161,17): warning C4834: [[nodiscard]] 属性を持つ関数の戻り値を破棄しています
C:\Users\2240225\Desktop\3Dsoftbody\Source\Graphics\Effect\ComputeParticleSystem.cpp(162,17): warning C4834: [[nodiscard]] 属性を持つ関数の戻り値を破棄しています
C:\Users\2240225\Desktop\3Dsoftbody\Source\Graphics\Effect\ComputeParticleSystem.cpp(163,17): warning C4834: [[nodiscard]] 属性を持つ関数の戻り値を破棄しています
C:\Users\2240225\Desktop\3Dsoftbody\Source\Graphics\Effect\ComputeParticleSystem.cpp(165,17): warning C4834: [[nodiscard]] 属性を持つ関数の戻り値を破棄しています
C:\Users\2240225\Desktop\3Dsoftbody\Source\Graphics\Effect\ComputeParticleSystem.cpp(166,17): warning C4834: [[nodiscard]] 属性を持つ関数の戻り値を破棄しています
C:\Users\2240225\Desktop\3Dsoftbody\Source\Graphics\Effect\ComputeParticleSystem.cpp(170,17): warning C4834: [[nodiscard]] 属性を持つ関数の戻り値を破棄しています
C:\Users\2240225\Desktop\3Dsoftbody\Source\Graphics\Effect\ComputeParticleSystem.cpp(171,17): warning C4834: [[nodiscard]] 属性を持つ関数の戻り値を破棄しています
C:\Users\2240225\Desktop\3Dsoftbody\Source\Graphics\Effect\ComputeParticleSystem.cpp(172,17): warning C4834: [[nodiscard]] 属性を持つ関数の戻り値を破棄しています
C:\Users\2240225\Desktop\3Dsoftbody\Source\Core\ActorManager.h(283,24): warning C4834: [[nodiscard]] 属性を持つ関数の戻り値を破棄しています
  (ソース ファイル 'Source/Graphics/Core/Graphics.cpp' をコンパイルしています)
  
  Particles.cpp
C:\Users\2240225\Desktop\3Dsoftbody\Source\Graphics\Effect\HuskParticle.cpp(68,17): warning C4834: [[nodiscard]] 属性を持つ関数の戻り値を破棄しています
C:\Users\2240225\Desktop\3Dsoftbody\Source\Graphics\Effect\HuskParticle.cpp(69,17): warning C4834: [[nodiscard]] 属性を持つ関数の戻り値を破棄しています
C:\Users\2240225\Desktop\3Dsoftbody\Source\Graphics\Effect\HuskParticle.cpp(70,17): warning C4834: [[nodiscard]] 属性を持つ関数の戻り値を破棄しています
C:\Users\2240225\Desktop\3Dsoftbody\Source\Graphics\Effect\HuskParticle.cpp(71,17): warning C4834: [[nodiscard]] 属性を持つ関数の戻り値を破棄しています
C:\Users\2240225\Desktop\3Dsoftbody\Source\Graphics\Effect\HuskParticle.cpp(73,17): warning C4834: [[nodiscard]] 属性を持つ関数の戻り値を破棄しています
C:\Users\2240225\Desktop\3Dsoftbody\Source\Graphics\Effect\Particles.cpp(63,20): warning C4834: [[nodiscard]] 属性を持つ関数の戻り値を破棄しています
C:\Users\2240225\Desktop\3Dsoftbody\Source\Graphics\Effect\Particles.cpp(64,20): warning C4834: [[nodiscard]] 属性を持つ関数の戻り値を破棄しています
C:\Users\2240225\Desktop\3Dsoftbody\Source\Graphics\Effect\Particles.cpp(65,20): warning C4834: [[nodiscard]] 属性を持つ関数の戻り値を破棄しています
C:\Users\2240225\Desktop\3Dsoftbody\Source\Graphics\Effect\Particles.cpp(66,20): warning C4834: [[nodiscard]] 属性を持つ関数の戻り値を破棄しています
C:\Users\2240225\Desktop\3Dsoftbody\Source\Graphics\Effect\Particles.cpp(67,20): warning C4834: [[nodiscard]] 属性を持つ関数の戻り値を破棄しています
  SkyMap.cpp
  Bloom.cpp
C:\Users\2240225\Desktop\3Dsoftbody\Source\Components\Render\MeshComponent.h(119,32): warning C4834: [[nodiscard]] 属性を持つ関数の戻り値を破棄しています
  (ソース ファイル 'Source/Graphics/Effect/EffectSystem.cpp' をコンパイルしています)
  
C:\Users\2240225\Desktop\3Dsoftbody\Source\Components\Render\MeshComponent.h(205,32): warning C4834: [[nodiscard]] 属性を持つ関数の戻り値を破棄しています
  (ソース ファイル 'Source/Graphics/Effect/EffectSystem.cpp' をコンパイルしています)
  
  FullScreenQuad.cpp
  SceneRenderer.cpp
C:\Users\2240225\Desktop\3Dsoftbody\Source\Graphics\PostProcess\Bloom.cpp(20,17): warning C4834: [[nodiscard]] 属性を持つ関数の戻り値を破棄しています
C:\Users\2240225\Desktop\3Dsoftbody\Source\Graphics\PostProcess\Bloom.cpp(21,17): warning C4834: [[nodiscard]] 属性を持つ関数の戻り値を破棄しています
C:\Users\2240225\Desktop\3Dsoftbody\Source\Graphics\PostProcess\Bloom.cpp(22,17): warning C4834: [[nodiscard]] 属性を持つ関数の戻り値を破棄しています
C:\Users\2240225\Desktop\3Dsoftbody\Source\Graphics\PostProcess\Bloom.cpp(23,17): warning C4834: [[nodiscard]] 属性を持つ関数の戻り値を破棄しています
C:\Users\2240225\Desktop\3Dsoftbody\Source\Graphics\PostProcess\Bloom.cpp(24,17): warning C4834: [[nodiscard]] 属性を持つ関数の戻り値を破棄しています
  ShapeRenderer.cpp
C:\Users\2240225\Desktop\3Dsoftbody\Source\Core\ActorManager.h(283,24): warning C4834: [[nodiscard]] 属性を持つ関数の戻り値を破棄しています
  (ソース ファイル 'Source/Graphics/Effect/EffectSystem.cpp' をコンパイルしています)
  
  GeometricPrimitive.cpp
C:\Users\2240225\Desktop\3Dsoftbody\Source\Game\Actors\Stage\Building.h(60,24): warning C4834: [[nodiscard]] 属性を持つ関数の戻り値を破棄しています
  (ソース ファイル 'Source/Graphics/Effect/EffectSystem.cpp' をコンパイルしています)
  
C:\Users\2240225\Desktop\3Dsoftbody\Source\Game\Actors\Stage\BossBuilding.h(75,24): warning C4834: [[nodiscard]] 属性を持つ関数の戻り値を破棄しています
  (ソース ファイル 'Source/Graphics/Effect/EffectSystem.cpp' をコンパイルしています)
  
C:\Users\2240225\Desktop\3Dsoftbody\Source\Graphics\Resource\GeometricPrimitive.cpp(17,20): warning C4834: [[nodiscard]] 属性を持つ関数の戻り値を破棄しています
C:\Users\2240225\Desktop\3Dsoftbody\Source\Graphics\Resource\GeometricPrimitive.cpp(19,20): warning C4834: [[nodiscard]] 属性を持つ関数の戻り値を破棄しています
C:\Users\2240225\Desktop\3Dsoftbody\Source\Graphics\Renderer\ShapeRenderer.cpp(106,20): warning C4834: [[nodiscard]] 属性を持つ関数の戻り値を破棄しています
C:\Users\2240225\Desktop\3Dsoftbody\Source\Graphics\Renderer\ShapeRenderer.cpp(107,20): warning C4834: [[nodiscard]] 属性を持つ関数の戻り値を破棄しています
C:\Users\2240225\Desktop\3Dsoftbody\Source\Graphics\Renderer\ShapeRenderer.cpp(126,24): warning C4834: [[nodiscard]] 属性を持つ関数の戻り値を破棄しています
C:\Users\2240225\Desktop\3Dsoftbody\Source\Graphics\Renderer\ShapeRenderer.cpp(130,24): warning C4834: [[nodiscard]] 属性を持つ関数の戻り値を破棄しています
C:\Users\2240225\Desktop\3Dsoftbody\Source\Graphics\Renderer\ShapeRenderer.cpp(134,24): warning C4834: [[nodiscard]] 属性を持つ関数の戻り値を破棄しています
C:\Users\2240225\Desktop\3Dsoftbody\Source\Graphics\Renderer\ShapeRenderer.cpp(138,24): warning C4834: [[nodiscard]] 属性を持つ関数の戻り値を破棄しています
C:\Users\2240225\Desktop\3Dsoftbody\Source\Graphics\Renderer\ShapeRenderer.cpp(142,24): warning C4834: [[nodiscard]] 属性を持つ関数の戻り値を破棄しています
C:\Users\2240225\Desktop\3Dsoftbody\Source\Graphics\Renderer\ShapeRenderer.cpp(146,24): warning C4834: [[nodiscard]] 属性を持つ関数の戻り値を破棄しています
  GltfModelBase.cpp
C:\Users\2240225\Desktop\3Dsoftbody\Source\Graphics\Effect\EffectSystem.cpp(68,20): warning C4834: [[nodiscard]] 属性を持つ関数の戻り値を破棄しています
C:\Users\2240225\Desktop\3Dsoftbody\Source\Graphics\Effect\EffectSystem.cpp(69,20): warning C4834: [[nodiscard]] 属性を持つ関数の戻り値を破棄しています
C:\Users\2240225\Desktop\3Dsoftbody\Source\Graphics\Effect\EffectSystem.cpp(70,20): warning C4834: [[nodiscard]] 属性を持つ関数の戻り値を破棄しています
  GltfModelStaticBatching.cpp
C:\Users\2240225\Desktop\3Dsoftbody\Source\Components\Render\MeshComponent.h(119,32): warning C4834: [[nodiscard]] 属性を持つ関数の戻り値を破棄しています
  (ソース ファイル 'Source/Graphics/Renderer/SceneRenderer.cpp' をコンパイルしています)
  
C:\Users\2240225\Desktop\3Dsoftbody\Source\Components\Render\MeshComponent.h(205,32): warning C4834: [[nodiscard]] 属性を持つ関数の戻り値を破棄しています
  (ソース ファイル 'Source/Graphics/Renderer/SceneRenderer.cpp' をコンパイルしています)
  
C:\Users\2240225\Desktop\3Dsoftbody\Source\Core\ActorManager.h(283,24): warning C4834: [[nodiscard]] 属性を持つ関数の戻り値を破棄しています
  (ソース ファイル 'Source/Graphics/Renderer/SceneRenderer.cpp' をコンパイルしています)
  
C:\Users\2240225\Desktop\3Dsoftbody\Source\Game\Actors\Stage\Cloth.h(232,24): warning C4834: [[nodiscard]] 属性を持つ関数の戻り値を破棄しています
  (ソース ファイル 'Source/Graphics/Renderer/SceneRenderer.cpp' をコンパイルしています)
  
C:\Users\2240225\Desktop\3Dsoftbody\Source\Game\Actors\Stage\Cloth.h(234,24): warning C4834: [[nodiscard]] 属性を持つ関数の戻り値を破棄しています
  (ソース ファイル 'Source/Graphics/Renderer/SceneRenderer.cpp' をコンパイルしています)
  
  GlthModel.cpp
  InterleavedGltfModel.cpp
  ShaderToy.cpp
  staticMesh.cpp
  ShadowMap.cpp
  Sprite.cpp
  SpriteBatch.cpp
C:\Users\2240225\Desktop\3Dsoftbody\Source\Components\Render\MeshComponent.h(119,32): warning C4834: [[nodiscard]] 属性を持つ関数の戻り値を破棄しています
  (ソース ファイル 'Source/Graphics/Resource/InterleavedGltfModel.cpp' をコンパイルしています)
  
C:\Users\2240225\Desktop\3Dsoftbody\Source\Components\Render\MeshComponent.h(205,32): warning C4834: [[nodiscard]] 属性を持つ関数の戻り値を破棄しています
  (ソース ファイル 'Source/Graphics/Resource/InterleavedGltfModel.cpp' をコンパイルしています)
  
  Physics.cpp
  PhysicsUtility.cpp
  AudioSource.cpp
C:\Users\2240225\Desktop\3Dsoftbody\Source\Components\Render\MeshComponent.h(119,32): warning C4834: [[nodiscard]] 属性を持つ関数の戻り値を破棄しています
  (ソース ファイル 'Source/Physics/Physics.cpp' をコンパイルしています)
  
C:\Users\2240225\Desktop\3Dsoftbody\Source\Components\Render\MeshComponent.h(205,32): warning C4834: [[nodiscard]] 属性を持つ関数の戻り値を破棄しています
  (ソース ファイル 'Source/Physics/Physics.cpp' をコンパイルしています)
  
C:\Users\2240225\Desktop\3Dsoftbody\Source\Components\Render\MeshComponent.h(119,32): warning C4834: [[nodiscard]] 属性を持つ関数の戻り値を破棄しています
  (ソース ファイル 'Source/Physics/PhysicsUtility.cpp' をコンパイルしています)
  
C:\Users\2240225\Desktop\3Dsoftbody\Source\Components\Render\MeshComponent.h(205,32): warning C4834: [[nodiscard]] 属性を持つ関数の戻り値を破棄しています
  (ソース ファイル 'Source/Physics/PhysicsUtility.cpp' をコンパイルしています)
  
  ObjectManager.cpp
  UIFactory.cpp
C:\Users\2240225\Desktop\3Dsoftbody\Source\Components\Render\MeshComponent.h(119,32): warning C4834: [[nodiscard]] 属性を持つ関数の戻り値を破棄しています
  (ソース ファイル 'Source/Widgets/ObjectManager.cpp' をコンパイルしています)
  
C:\Users\2240225\Desktop\3Dsoftbody\Source\Components\Render\MeshComponent.h(205,32): warning C4834: [[nodiscard]] 属性を持つ関数の戻り値を破棄しています
  (ソース ファイル 'Source/Widgets/ObjectManager.cpp' をコンパイルしています)
  
C:\Users\2240225\Desktop\3Dsoftbody\Source\Components\Render\MeshComponent.h(119,32): warning C4834: [[nodiscard]] 属性を持つ関数の戻り値を破棄しています
  (ソース ファイル 'Source/Widgets/UIFactory.cpp' をコンパイルしています)
  
C:\Users\2240225\Desktop\3Dsoftbody\Source\Components\Render\MeshComponent.h(205,32): warning C4834: [[nodiscard]] 属性を持つ関数の戻り値を破棄しています
  (ソース ファイル 'Source/Widgets/UIFactory.cpp' をコンパイルしています)
  
C:\Users\2240225\Desktop\3Dsoftbody\Source\Core\ActorManager.h(283,24): warning C4834: [[nodiscard]] 属性を持つ関数の戻り値を破棄しています
  (ソース ファイル 'Source/Widgets/ObjectManager.cpp' をコンパイルしています)
  
C:\Users\2240225\Desktop\3Dsoftbody\Source\Core\ActorManager.h(283,24): warning C4834: [[nodiscard]] 属性を持つ関数の戻り値を破棄しています
  (ソース ファイル 'Source/Widgets/UIFactory.cpp' をコンパイルしています)
  
  3dgp.vcxproj -> C:\Users\2240225\Desktop\3Dsoftbody\x64\Debug\3dgp.exe
