c:\users\2240225\desktop\elasticbuilding\3dgp\x64\debug\imgui_demo.obj
c:\users\2240225\desktop\elasticbuilding\3dgp\x64\debug\imgui_impl_win32.obj
c:\users\2240225\desktop\elasticbuilding\3dgp\x64\debug\audiosourcecomponent.obj
c:\users\2240225\desktop\elasticbuilding\3dgp\x64\debug\rigidbodycomponent.obj
c:\users\2240225\desktop\elasticbuilding\3dgp\x64\debug\eraseinareacomponent.obj
c:\users\2240225\desktop\elasticbuilding\3dgp\x64\debug\audio.obj
c:\users\2240225\desktop\elasticbuilding\3dgp\x64\debug\gamepad.obj
c:\users\2240225\desktop\elasticbuilding\3dgp\x64\debug\inputsystem.obj
c:\users\2240225\desktop\elasticbuilding\3dgp\x64\debug\beam.obj
c:\users\2240225\desktop\elasticbuilding\3dgp\x64\debug\nodebase.obj
c:\users\2240225\desktop\elasticbuilding\3dgp\x64\debug\playerstate.obj
c:\users\2240225\desktop\elasticbuilding\3dgp\x64\debug\gamemanager.obj
c:\users\2240225\desktop\elasticbuilding\3dgp\x64\debug\tutorialscene.obj
c:\users\2240225\desktop\elasticbuilding\3dgp\x64\debug\particles.obj
c:\users\2240225\desktop\elasticbuilding\3dgp\x64\debug\bloom.obj
c:\users\2240225\desktop\elasticbuilding\3dgp\x64\debug\shaperenderer.obj
c:\users\2240225\desktop\elasticbuilding\3dgp\x64\debug\gltfmodelstaticbatching.obj
c:\users\2240225\desktop\elasticbuilding\3dgp\x64\debug\interleavedgltfmodel.obj
c:\users\2240225\desktop\elasticbuilding\3dgp\x64\debug\color.obj
c:\users\2240225\desktop\elasticbuilding\3dgp\x64\debug\inputmodule.obj
c:\users\2240225\desktop\elasticbuilding\3dgp\x64\debug\recttransformutils.obj
c:\users\2240225\desktop\elasticbuilding\3dgp\x64\debug\uifactory.obj
c:\users\2240225\desktop\elasticbuilding\3dgp\x64\debug\imgui_impl_dx11.obj
c:\users\2240225\desktop\elasticbuilding\3dgp\x64\debug\imgui_widgets.obj
c:\users\2240225\desktop\elasticbuilding\3dgp\x64\debug\collisioncomponent.obj
c:\users\2240225\desktop\elasticbuilding\3dgp\x64\debug\controllercomponent.obj
c:\users\2240225\desktop\elasticbuilding\3dgp\x64\debug\shockwavecollisioncomponent.obj
c:\users\2240225\desktop\elasticbuilding\3dgp\x64\debug\framework.obj
c:\users\2240225\desktop\elasticbuilding\3dgp\x64\debug\enemymath.obj
c:\users\2240225\desktop\elasticbuilding\3dgp\x64\debug\judgmentderived.obj
c:\users\2240225\desktop\elasticbuilding\3dgp\x64\debug\player.obj
c:\users\2240225\desktop\elasticbuilding\3dgp\x64\debug\buildingmanager.obj
c:\users\2240225\desktop\elasticbuilding\3dgp\x64\debug\loadingscene.obj
c:\users\2240225\desktop\elasticbuilding\3dgp\x64\debug\shader.obj
c:\users\2240225\desktop\elasticbuilding\3dgp\x64\debug\effectsystem.obj
c:\users\2240225\desktop\elasticbuilding\3dgp\x64\debug\shadertoy.obj
c:\users\2240225\desktop\elasticbuilding\3dgp\x64\debug\texture.obj
c:\users\2240225\desktop\elasticbuilding\3dgp\x64\debug\shadowmap.obj
c:\users\2240225\desktop\elasticbuilding\3dgp\x64\debug\main.obj
c:\users\2240225\desktop\elasticbuilding\3dgp\x64\debug\physics.obj
c:\users\2240225\desktop\elasticbuilding\3dgp\x64\debug\eventsystem.obj
c:\users\2240225\desktop\elasticbuilding\3dgp\x64\debug\recttransform.obj
c:\users\2240225\desktop\elasticbuilding\3dgp\x64\debug\dialog.obj
c:\users\2240225\desktop\elasticbuilding\3dgp\x64\debug\imgui_draw.obj
c:\users\2240225\desktop\elasticbuilding\3dgp\x64\debug\imgui_ja_gryph_ranges.obj
c:\users\2240225\desktop\elasticbuilding\3dgp\x64\debug\imgui_tables.obj
c:\users\2240225\desktop\elasticbuilding\3dgp\x64\debug\component.obj
c:\users\2240225\desktop\elasticbuilding\3dgp\x64\debug\scenecomponent.obj
c:\users\2240225\desktop\elasticbuilding\3dgp\x64\debug\effectcomponent.obj
c:\users\2240225\desktop\elasticbuilding\3dgp\x64\debug\lifetimecomponent.obj
c:\users\2240225\desktop\elasticbuilding\3dgp\x64\debug\actormanager.obj
c:\users\2240225\desktop\elasticbuilding\3dgp\x64\debug\actionderived.obj
c:\users\2240225\desktop\elasticbuilding\3dgp\x64\debug\riderenemy.obj
c:\users\2240225\desktop\elasticbuilding\3dgp\x64\debug\bossbuilding.obj
c:\users\2240225\desktop\elasticbuilding\3dgp\x64\debug\tutorialsystem.obj
c:\users\2240225\desktop\elasticbuilding\3dgp\x64\debug\bootscene.obj
c:\users\2240225\desktop\elasticbuilding\3dgp\x64\debug\volumetriccloudscapes.obj
c:\users\2240225\desktop\elasticbuilding\3dgp\x64\debug\graphics.obj
c:\users\2240225\desktop\elasticbuilding\3dgp\x64\debug\fullscreenquad.obj
c:\users\2240225\desktop\elasticbuilding\3dgp\x64\debug\geometricprimitive.obj
c:\users\2240225\desktop\elasticbuilding\3dgp\x64\debug\gltfmodelbase.obj
c:\users\2240225\desktop\elasticbuilding\3dgp\x64\debug\glthmodel.obj
c:\users\2240225\desktop\elasticbuilding\3dgp\x64\debug\spritebatch.obj
c:\users\2240225\desktop\elasticbuilding\3dgp\x64\debug\collision.obj
c:\users\2240225\desktop\elasticbuilding\3dgp\x64\debug\easinghandler.obj
c:\users\2240225\desktop\elasticbuilding\3dgp\x64\debug\audiosource.obj
c:\users\2240225\desktop\elasticbuilding\3dgp\x64\debug\objectmanager.obj
c:\users\2240225\desktop\elasticbuilding\3dgp\x64\debug\imgui.obj
c:\users\2240225\desktop\elasticbuilding\3dgp\x64\debug\cameracomponent.obj
c:\users\2240225\desktop\elasticbuilding\3dgp\x64\debug\shapecomponent.obj
c:\users\2240225\desktop\elasticbuilding\3dgp\x64\debug\itemspawnercomponent.obj
c:\users\2240225\desktop\elasticbuilding\3dgp\x64\debug\world.obj
c:\users\2240225\desktop\elasticbuilding\3dgp\x64\debug\scene.obj
c:\users\2240225\desktop\elasticbuilding\3dgp\x64\debug\behaviordata.obj
c:\users\2240225\desktop\elasticbuilding\3dgp\x64\debug\behaviortree.obj
c:\users\2240225\desktop\elasticbuilding\3dgp\x64\debug\pickupitem.obj
c:\users\2240225\desktop\elasticbuilding\3dgp\x64\debug\building.obj
c:\users\2240225\desktop\elasticbuilding\3dgp\x64\debug\mainscene.obj
c:\users\2240225\desktop\elasticbuilding\3dgp\x64\debug\renderstate.obj
c:\users\2240225\desktop\elasticbuilding\3dgp\x64\debug\computeparticlesystem.obj
c:\users\2240225\desktop\elasticbuilding\3dgp\x64\debug\huskparticle.obj
c:\users\2240225\desktop\elasticbuilding\3dgp\x64\debug\skymap.obj
c:\users\2240225\desktop\elasticbuilding\3dgp\x64\debug\framebuffer.obj
c:\users\2240225\desktop\elasticbuilding\3dgp\x64\debug\scenerenderer.obj
c:\users\2240225\desktop\elasticbuilding\3dgp\x64\debug\staticmesh.obj
c:\users\2240225\desktop\elasticbuilding\3dgp\x64\debug\cascadeshadowmap.obj
c:\users\2240225\desktop\elasticbuilding\3dgp\x64\debug\sprite.obj
c:\users\2240225\desktop\elasticbuilding\3dgp\x64\debug\collider.obj
c:\users\2240225\desktop\elasticbuilding\3dgp\x64\debug\collisionmesh.obj
c:\users\2240225\desktop\elasticbuilding\3dgp\x64\debug\physicsutility.obj
c:\users\2240225\desktop\elasticbuilding\3dgp\x64\debug\uicomponent.obj
c:\users\2240225\desktop\elasticbuilding\3dgp\x64\debug\vc143.pdb
c:\users\2240225\desktop\elasticbuilding\data\shaders\accumulatehuskparticleps.cod
c:\users\2240225\desktop\elasticbuilding\data\shaders\accumulatehuskparticleps.cso
c:\users\2240225\desktop\elasticbuilding\data\shaders\blurps.cod
c:\users\2240225\desktop\elasticbuilding\data\shaders\blurps.cso
c:\users\2240225\desktop\elasticbuilding\data\shaders\buildingps.cod
c:\users\2240225\desktop\elasticbuilding\data\shaders\buildingps.cso
c:\users\2240225\desktop\elasticbuilding\shader\cascadedshadowps.cod
c:\users\2240225\desktop\elasticbuilding\shader\cascadedshadowps.cso
c:\users\2240225\desktop\elasticbuilding\shader\computeparticlebeginframecs.cod
c:\users\2240225\desktop\elasticbuilding\shader\computeparticlebeginframecs.cso
c:\users\2240225\desktop\elasticbuilding\shader\computeparticlebitonicsortb2cs.cod
c:\users\2240225\desktop\elasticbuilding\shader\computeparticlebitonicsortb2cs.cso
c:\users\2240225\desktop\elasticbuilding\shader\computeparticlebitonicsortc2cs.cod
c:\users\2240225\desktop\elasticbuilding\shader\computeparticlebitonicsortc2cs.cso
c:\users\2240225\desktop\elasticbuilding\shader\computeparticleemitcs.cod
c:\users\2240225\desktop\elasticbuilding\shader\computeparticleemitcs.cso
c:\users\2240225\desktop\elasticbuilding\shader\computeparticleendframecs.cod
c:\users\2240225\desktop\elasticbuilding\shader\computeparticleendframecs.cso
c:\users\2240225\desktop\elasticbuilding\shader\computeparticleinitcs.cod
c:\users\2240225\desktop\elasticbuilding\shader\computeparticleinitcs.cso
c:\users\2240225\desktop\elasticbuilding\shader\computeparticlerendergs.cod
c:\users\2240225\desktop\elasticbuilding\shader\computeparticlerendergs.cso
c:\users\2240225\desktop\elasticbuilding\shader\computeparticlerenderps.cod
c:\users\2240225\desktop\elasticbuilding\shader\computeparticlerenderps.cso
c:\users\2240225\desktop\elasticbuilding\shader\computeparticlerendervs.cod
c:\users\2240225\desktop\elasticbuilding\shader\computeparticlerendervs.cso
c:\users\2240225\desktop\elasticbuilding\shader\computeparticlesortcs.cod
c:\users\2240225\desktop\elasticbuilding\shader\computeparticlesortcs.cso
c:\users\2240225\desktop\elasticbuilding\shader\computeparticleupdatecs.cod
c:\users\2240225\desktop\elasticbuilding\shader\computeparticleupdatecs.cso
c:\users\2240225\desktop\elasticbuilding\shader\discotunnelps.cod
c:\users\2240225\desktop\elasticbuilding\shader\discotunnelps.cso
c:\users\2240225\desktop\elasticbuilding\shader\elasticbuildingcsmvs.cod
c:\users\2240225\desktop\elasticbuilding\shader\elasticbuildingcsmvs.cso
c:\users\2240225\desktop\elasticbuilding\shader\elasticbuildsvs.cod
c:\users\2240225\desktop\elasticbuilding\shader\elasticbuildsvs.cso
c:\users\2240225\desktop\elasticbuilding\shader\finalpassps.cod
c:\users\2240225\desktop\elasticbuilding\shader\finalpassps.cso
c:\users\2240225\desktop\elasticbuilding\shader\fullscreenquadps.cod
c:\users\2240225\desktop\elasticbuilding\shader\fullscreenquadps.cso
c:\users\2240225\desktop\elasticbuilding\shader\fullscreenquadvs.cod
c:\users\2240225\desktop\elasticbuilding\shader\fullscreenquadvs.cso
c:\users\2240225\desktop\elasticbuilding\shader\gaussianblurdownsamplingps.cod
c:\users\2240225\desktop\elasticbuilding\shader\gaussianblurdownsamplingps.cso
c:\users\2240225\desktop\elasticbuilding\shader\gaussianblurhorizontalps.cod
c:\users\2240225\desktop\elasticbuilding\shader\gaussianblurhorizontalps.cso
c:\users\2240225\desktop\elasticbuilding\shader\gaussianblurupsamplingps.cod
c:\users\2240225\desktop\elasticbuilding\shader\gaussianblurupsamplingps.cso
c:\users\2240225\desktop\elasticbuilding\shader\gaussianblurverticalps.cod
c:\users\2240225\desktop\elasticbuilding\shader\gaussianblurverticalps.cso
c:\users\2240225\desktop\elasticbuilding\shader\defefferdps.cod
c:\users\2240225\desktop\elasticbuilding\shader\defefferdps.cso
c:\users\2240225\desktop\elasticbuilding\shader\geometricprimitiveps.cod
c:\users\2240225\desktop\elasticbuilding\shader\geometricprimitiveps.cso
c:\users\2240225\desktop\elasticbuilding\shader\geometricprimitivevs.cod
c:\users\2240225\desktop\elasticbuilding\shader\geometricprimitivevs.cso
c:\users\2240225\desktop\elasticbuilding\shader\glowexteractionps.cod
c:\users\2240225\desktop\elasticbuilding\shader\glowexteractionps.cso
c:\users\2240225\desktop\elasticbuilding\shader\gltfmodelbasecolorps.cod
c:\users\2240225\desktop\elasticbuilding\shader\gltfmodelbasecolorps.cso
c:\users\2240225\desktop\elasticbuilding\shader\gltfmodelcharacterps.cod
c:\users\2240225\desktop\elasticbuilding\shader\gltfmodelcharacterps.cso
c:\users\2240225\desktop\elasticbuilding\shader\gltfmodelcsmgs.cod
c:\users\2240225\desktop\elasticbuilding\shader\gltfmodelcsmgs.cso
c:\users\2240225\desktop\elasticbuilding\shader\gltfmodelcsmvs.cod
c:\users\2240225\desktop\elasticbuilding\shader\gltfmodelcsmvs.cso
c:\users\2240225\desktop\elasticbuilding\shader\gltfmodeldefferedps.cod
c:\users\2240225\desktop\elasticbuilding\shader\gltfmodeldefferedps.cso
c:\users\2240225\desktop\elasticbuilding\shader\gltfmodeldissolveps.cod
c:\users\2240225\desktop\elasticbuilding\shader\gltfmodeldissolveps.cso
c:\users\2240225\desktop\elasticbuilding\shader\gltfmodelemissionps.cod
c:\users\2240225\desktop\elasticbuilding\shader\gltfmodelemissionps.cso
c:\users\2240225\desktop\elasticbuilding\shader\gltfmodelemitparticleps.cod
c:\users\2240225\desktop\elasticbuilding\shader\gltfmodelemitparticleps.cso
c:\users\2240225\desktop\elasticbuilding\shader\gltfmodelgamecharacter.cod
c:\users\2240225\desktop\elasticbuilding\shader\gltfmodelgamecharacter.cso
c:\users\2240225\desktop\elasticbuilding\shader\gltfmodelinstancedbaatchingcsmvs.cod
c:\users\2240225\desktop\elasticbuilding\shader\gltfmodelinstancedbaatchingcsmvs.cso
c:\users\2240225\desktop\elasticbuilding\shader\gltfmodelinstancedbatchingvs.cod
c:\users\2240225\desktop\elasticbuilding\shader\gltfmodelinstancedbatchingvs.cso
c:\users\2240225\desktop\elasticbuilding\shader\gltfmodelplayersideps.cod
c:\users\2240225\desktop\elasticbuilding\shader\gltfmodelplayersideps.cso
c:\users\2240225\desktop\elasticbuilding\shader\gltfmodelps.cod
c:\users\2240225\desktop\elasticbuilding\shader\gltfmodelps.cso
c:\users\2240225\desktop\elasticbuilding\shader\gltfmodelstaticbatchingcsmvs.cod
c:\users\2240225\desktop\elasticbuilding\shader\gltfmodelstaticbatchingcsmvs.cso
c:\users\2240225\desktop\elasticbuilding\shader\gltfmodelstaticbatchingvs.cod
c:\users\2240225\desktop\elasticbuilding\shader\gltfmodelstaticbatchingvs.cso
c:\users\2240225\desktop\elasticbuilding\shader\gltfmodelvs.cod
c:\users\2240225\desktop\elasticbuilding\shader\gltfmodelvs.cso
c:\users\2240225\desktop\elasticbuilding\shader\highfreqworleycs.cod
c:\users\2240225\desktop\elasticbuilding\shader\highfreqworleycs.cso
c:\users\2240225\desktop\elasticbuilding\shader\initializeparticlecs.cod
c:\users\2240225\desktop\elasticbuilding\shader\initializeparticlecs.cso
c:\users\2240225\desktop\elasticbuilding\shader\integrateparticlecs.cod
c:\users\2240225\desktop\elasticbuilding\shader\integrateparticlecs.cso
c:\users\2240225\desktop\elasticbuilding\shader\linesegmentps.cod
c:\users\2240225\desktop\elasticbuilding\shader\linesegmentps.cso
c:\users\2240225\desktop\elasticbuilding\shader\linesegmentvs.cod
c:\users\2240225\desktop\elasticbuilding\shader\linesegmentvs.cso
c:\users\2240225\desktop\elasticbuilding\shader\lowfreqperlinworleycs.cod
c:\users\2240225\desktop\elasticbuilding\shader\lowfreqperlinworleycs.cso
c:\users\2240225\desktop\elasticbuilding\shader\luminanceextranctionps.cod
c:\users\2240225\desktop\elasticbuilding\shader\luminanceextranctionps.cso
c:\users\2240225\desktop\elasticbuilding\shader\particlegs.cod
c:\users\2240225\desktop\elasticbuilding\shader\particlegs.cso
c:\users\2240225\desktop\elasticbuilding\shader\particleps.cod
c:\users\2240225\desktop\elasticbuilding\shader\particleps.cso
c:\users\2240225\desktop\elasticbuilding\shader\particlevs.cod
c:\users\2240225\desktop\elasticbuilding\shader\particlevs.cso
c:\users\2240225\desktop\elasticbuilding\shader\roundedloadingps.cod
c:\users\2240225\desktop\elasticbuilding\shader\roundedloadingps.cso
c:\users\2240225\desktop\elasticbuilding\shader\screenspaceprojectionmappingps.cod
c:\users\2240225\desktop\elasticbuilding\shader\screenspaceprojectionmappingps.cso
c:\users\2240225\desktop\elasticbuilding\shader\shadertoyps.cod
c:\users\2240225\desktop\elasticbuilding\shader\shadertoyps.cso
c:\users\2240225\desktop\elasticbuilding\shader\shadertoysky2.cod
c:\users\2240225\desktop\elasticbuilding\shader\shadertoysky2.cso
c:\users\2240225\desktop\elasticbuilding\shader\shadertoyskyps.cod
c:\users\2240225\desktop\elasticbuilding\shader\shadertoyskyps.cso
c:\users\2240225\desktop\elasticbuilding\shader\shadertoyvs.cod
c:\users\2240225\desktop\elasticbuilding\shader\shadertoyvs.cso
c:\users\2240225\desktop\elasticbuilding\shader\skinnedmeshps.cod
c:\users\2240225\desktop\elasticbuilding\shader\skinnedmeshps.cso
c:\users\2240225\desktop\elasticbuilding\shader\skinnedmeshvs.cod
c:\users\2240225\desktop\elasticbuilding\shader\skinnedmeshvs.cso
c:\users\2240225\desktop\elasticbuilding\shader\skyboxps.cod
c:\users\2240225\desktop\elasticbuilding\shader\skyboxps.cso
c:\users\2240225\desktop\elasticbuilding\shader\skymapps.cod
c:\users\2240225\desktop\elasticbuilding\shader\skymapps.cso
c:\users\2240225\desktop\elasticbuilding\shader\skymapvs.cod
c:\users\2240225\desktop\elasticbuilding\shader\skymapvs.cso
c:\users\2240225\desktop\elasticbuilding\shader\sprite_ps.cod
c:\users\2240225\desktop\elasticbuilding\shader\sprite_ps.cso
c:\users\2240225\desktop\elasticbuilding\shader\sprite_vs.cod
c:\users\2240225\desktop\elasticbuilding\shader\sprite_vs.cso
c:\users\2240225\desktop\elasticbuilding\shader\staticmeshps.cod
c:\users\2240225\desktop\elasticbuilding\shader\staticmeshps.cso
c:\users\2240225\desktop\elasticbuilding\shader\staticmeshvs.cod
c:\users\2240225\desktop\elasticbuilding\shader\staticmeshvs.cso
c:\users\2240225\desktop\elasticbuilding\shader\testps.cod
c:\users\2240225\desktop\elasticbuilding\shader\testps.cso
c:\users\2240225\desktop\elasticbuilding\shader\universewithin.cod
c:\users\2240225\desktop\elasticbuilding\shader\universewithin.cso
c:\users\2240225\desktop\elasticbuilding\shader\volumetriccloudscapesps.cod
c:\users\2240225\desktop\elasticbuilding\shader\volumetriccloudscapesps.cso
c:\users\2240225\desktop\elasticbuilding\shader\volumetricfogps.cod
c:\users\2240225\desktop\elasticbuilding\shader\volumetricfogps.cso
c:\users\2240225\desktop\elasticbuilding\x64\debug\3dgp.exe
c:\users\2240225\desktop\elasticbuilding\x64\debug\3dgp.pdb
c:\users\2240225\desktop\elasticbuilding\x64\debug\3dgp.lib
c:\users\2240225\desktop\elasticbuilding\x64\debug\3dgp.exp
c:\users\2240225\desktop\elasticbuilding\3dgp\x64\debug\3dgp.ilk
c:\users\2240225\desktop\elasticbuilding\3dgp\x64\debug\vc143.idb
c:\users\2240225\desktop\elasticbuilding\3dgp\x64\debug\3dgp.tlog\cl.command.1.tlog
c:\users\2240225\desktop\elasticbuilding\3dgp\x64\debug\3dgp.tlog\cl.items.tlog
c:\users\2240225\desktop\elasticbuilding\3dgp\x64\debug\3dgp.tlog\cl.read.1.tlog
c:\users\2240225\desktop\elasticbuilding\3dgp\x64\debug\3dgp.tlog\cl.write.1.tlog
c:\users\2240225\desktop\elasticbuilding\3dgp\x64\debug\3dgp.tlog\fxc.command.1.tlog
c:\users\2240225\desktop\elasticbuilding\3dgp\x64\debug\3dgp.tlog\fxc.read.1.tlog
c:\users\2240225\desktop\elasticbuilding\3dgp\x64\debug\3dgp.tlog\fxc.write.1.tlog
c:\users\2240225\desktop\elasticbuilding\3dgp\x64\debug\3dgp.tlog\link.command.1.tlog
c:\users\2240225\desktop\elasticbuilding\3dgp\x64\debug\3dgp.tlog\link.read.1.tlog
c:\users\2240225\desktop\elasticbuilding\3dgp\x64\debug\3dgp.tlog\link.secondary.1.tlog
c:\users\2240225\desktop\elasticbuilding\3dgp\x64\debug\3dgp.tlog\link.write.1.tlog
